This file contains any messages produced by compilers while
running configure, to aid debugging if configure makes a mistake.

It was created by haveged configure 1.7, which was
generated by GNU Autoconf 2.67.  Invocation command line was

  $ ./configure --host=arm-elf-linux-androideabi CC=arm-elf-linux-androideabi-gcc CPPFLAGS=-I /data/local/gcc/include

## --------- ##
## Platform. ##
## --------- ##

hostname = localhost
uname -m = armv7l
uname -r = 2.6.39.4
uname -s = Linux
uname -v = #1 SMP PREEMPT Fri May 25 22:47:02 CST 2012

/usr/bin/uname -p = unknown
/bin/uname -X     = unknown

/bin/arch              = unknown
/usr/bin/arch -k       = unknown
/usr/convex/getsysinfo = unknown
/usr/bin/hostinfo      = unknown
/bin/machine           = unknown
/usr/bin/oslevel       = unknown
/bin/universe          = unknown

PATH: /system/xbin
PATH: /sbin
PATH: /vendor/bin
PATH: /system/sbin
PATH: /system/bin
PATH: /system/xbin
PATH: /data/local/gcc/bin
PATH: /data/local/perl/


## ----------- ##
## Core tests. ##
## ----------- ##

configure:2293: checking for a BSD-compatible install
configure:2361: result: /system/xbin/install -c
configure:2372: checking whether build environment is sane
configure:2422: result: yes
configure:2471: checking for arm-elf-linux-androideabi-strip
configure:2501: result: no
configure:2511: checking for strip
configure:2527: found /data/local/gcc/bin/strip
configure:2538: result: strip
configure:2563: checking for a thread-safe mkdir -p
configure:2602: result: config/install-sh -c -d
configure:2615: checking for gawk
configure:2631: found /data/local/gcc/bin/gawk
configure:2642: result: gawk
configure:2653: checking whether make sets $(MAKE)
configure:2675: result: yes
configure:2768: checking for style of include used by make
configure:2796: result: GNU
configure:2826: checking for arm-elf-linux-androideabi-gcc
configure:2853: result: arm-elf-linux-androideabi-gcc
configure:3122: checking for C compiler version
configure:3131: arm-elf-linux-androideabi-gcc --version >&5
arm-elf-linux-androideabi-gcc (GCC) 4.6.0
Copyright (C) 2011 Free Software Foundation, Inc.
This is free software; see the source for copying conditions.  There is NO
warranty; not even for MERCHANTABILITY or FITNESS FOR A PARTICULAR PURPOSE.

configure:3142: $? = 0
configure:3131: arm-elf-linux-androideabi-gcc -v >&5
Using built-in specs.
COLLECT_GCC=arm-elf-linux-androideabi-gcc
COLLECT_LTO_WRAPPER=/data/local/gcc/libexec/gcc/arm-elf-linux-androideabi/4.6.0/lto-wrapper
Target: arm-elf-linux-androideabi
Configured with: ../../gcc-4.6.0/configure --build=i486-linux-gnu --host=arm-elf-linux-androideabi --target=arm-elf-linux-androideabi --enable-languages=c,c++,fortran,objc,obj-c++ --prefix=/data/local/gcc --with-build-sysroot=/opt/android-ndk/platforms/android-8/arch-arm --oldincludedir=/opt/android-ndk/platforms/android-8/arch-arm/usr/include -includedir=/opt/android-ndk/platforms/android-8/arch-arm/usr/include --disable-multilib --with-gnu-as --with-gnu-ld --disable-libssp --enable-threads --disable-nls --disable-tls --disable-libgomp --disable-libstdc__-v3 --disable-sjlj-exceptions --enable-shared --with-float=soft --with-fpu=vfp --with-arch=armv5te --enable-target-optspace
Thread model: posix
gcc version 4.6.0 (GCC) 
configure:3142: $? = 0
configure:3131: arm-elf-linux-androideabi-gcc -V >&5
arm-elf-linux-androideabi-gcc: error: unrecognized option '-V'
arm-elf-linux-androideabi-gcc: fatal error: no input files
compilation terminated.
configure:3142: $? = 1
configure:3131: arm-elf-linux-androideabi-gcc -qversion >&5
arm-elf-linux-androideabi-gcc: error: unrecognized option '-qversion'
arm-elf-linux-androideabi-gcc: fatal error: no input files
compilation terminated.
configure:3142: $? = 1
configure:3162: checking whether the C compiler works
configure:3184: arm-elf-linux-androideabi-gcc  -I /data/local/gcc/include  conftest.c  >&5
configure:3188: $? = 0
configure:3236: result: yes
configure:3239: checking for C compiler default output file name
configure:3241: result: a.out
configure:3247: checking for suffix of executables
configure:3254: arm-elf-linux-androideabi-gcc -o conftest  -I /data/local/gcc/include  conftest.c  >&5
configure:3258: $? = 0
configure:3280: result: 
configure:3302: checking whether we are cross compiling
configure:3310: arm-elf-linux-androideabi-gcc -o conftest  -I /data/local/gcc/include  conftest.c  >&5
configure:3314: $? = 0
configure:3321: ./conftest
configure:3325: $? = 0
configure:3340: result: no
configure:3345: checking for suffix of object files
configure:3367: arm-elf-linux-androideabi-gcc -c  -I /data/local/gcc/include conftest.c >&5
configure:3371: $? = 0
configure:3392: result: o
configure:3396: checking whether we are using the GNU C compiler
configure:3415: arm-elf-linux-androideabi-gcc -c  -I /data/local/gcc/include conftest.c >&5
configure:3415: $? = 0
configure:3424: result: yes
configure:3433: checking whether arm-elf-linux-androideabi-gcc accepts -g
configure:3453: arm-elf-linux-androideabi-gcc -c -g -I /data/local/gcc/include conftest.c >&5
configure:3453: $? = 0
configure:3494: result: yes
configure:3511: checking for arm-elf-linux-androideabi-gcc option to accept ISO C89
configure:3575: arm-elf-linux-androideabi-gcc  -c -g -O2 -I /data/local/gcc/include conftest.c >&5
configure:3575: $? = 0
configure:3588: result: none needed
configure:3610: checking dependency style of arm-elf-linux-androideabi-gcc
configure:3720: result: gcc3
configure:3741: checking how to run the C preprocessor
configure:3772: arm-elf-linux-androideabi-gcc -E -I /data/local/gcc/include conftest.c
configure:3772: $? = 0
configure:3786: arm-elf-linux-androideabi-gcc -E -I /data/local/gcc/include conftest.c
conftest.c:11:28: fatal error: ac_nonexistent.h: No such file or directory
compilation terminated.
configure:3786: $? = 1
configure: failed program was:
| /* confdefs.h */
| #define PACKAGE_NAME "haveged"
| #define PACKAGE_TARNAME "haveged"
| #define PACKAGE_VERSION "1.7"
| #define PACKAGE_STRING "haveged 1.7"
| #define PACKAGE_BUGREPORT ""
| #define PACKAGE_URL ""
| #define PACKAGE "haveged"
| #define VERSION "1.7"
| /* end confdefs.h.  */
| #include <ac_nonexistent.h>
configure:3811: result: arm-elf-linux-androideabi-gcc -E
configure:3831: arm-elf-linux-androideabi-gcc -E -I /data/local/gcc/include conftest.c
configure:3831: $? = 0
configure:3845: arm-elf-linux-androideabi-gcc -E -I /data/local/gcc/include conftest.c
conftest.c:11:28: fatal error: ac_nonexistent.h: No such file or directory
compilation terminated.
configure:3845: $? = 1
configure: failed program was:
| /* confdefs.h */
| #define PACKAGE_NAME "haveged"
| #define PACKAGE_TARNAME "haveged"
| #define PACKAGE_VERSION "1.7"
| #define PACKAGE_STRING "haveged 1.7"
| #define PACKAGE_BUGREPORT ""
| #define PACKAGE_URL ""
| #define PACKAGE "haveged"
| #define VERSION "1.7"
| /* end confdefs.h.  */
| #include <ac_nonexistent.h>
configure:3874: checking for grep that handles long lines and -e
configure:3932: result: /system/xbin/grep
configure:3937: checking for egrep
configure:3999: result: /system/xbin/grep -E
configure:4004: checking for ANSI C header files
configure:4024: arm-elf-linux-androideabi-gcc -c -g -O2 -I /data/local/gcc/include conftest.c >&5
configure:4024: $? = 0
configure:4097: arm-elf-linux-androideabi-gcc -o conftest -g -O2 -I /data/local/gcc/include  conftest.c  >&5
configure:4097: $? = 0
configure:4097: ./conftest
configure:4097: $? = 0
configure:4108: result: yes
configure:4121: checking for sys/types.h
configure:4121: arm-elf-linux-androideabi-gcc -c -g -O2 -I /data/local/gcc/include conftest.c >&5
configure:4121: $? = 0
configure:4121: result: yes
configure:4121: checking for sys/stat.h
configure:4121: arm-elf-linux-androideabi-gcc -c -g -O2 -I /data/local/gcc/include conftest.c >&5
configure:4121: $? = 0
configure:4121: result: yes
configure:4121: checking for stdlib.h
configure:4121: arm-elf-linux-androideabi-gcc -c -g -O2 -I /data/local/gcc/include conftest.c >&5
configure:4121: $? = 0
configure:4121: result: yes
configure:4121: checking for string.h
configure:4121: arm-elf-linux-androideabi-gcc -c -g -O2 -I /data/local/gcc/include conftest.c >&5
configure:4121: $? = 0
configure:4121: result: yes
configure:4121: checking for memory.h
configure:4121: arm-elf-linux-androideabi-gcc -c -g -O2 -I /data/local/gcc/include conftest.c >&5
configure:4121: $? = 0
configure:4121: result: yes
configure:4121: checking for strings.h
configure:4121: arm-elf-linux-androideabi-gcc -c -g -O2 -I /data/local/gcc/include conftest.c >&5
configure:4121: $? = 0
configure:4121: result: yes
configure:4121: checking for inttypes.h
configure:4121: arm-elf-linux-androideabi-gcc -c -g -O2 -I /data/local/gcc/include conftest.c >&5
configure:4121: $? = 0
configure:4121: result: yes
configure:4121: checking for stdint.h
configure:4121: arm-elf-linux-androideabi-gcc -c -g -O2 -I /data/local/gcc/include conftest.c >&5
configure:4121: $? = 0
configure:4121: result: yes
configure:4121: checking for unistd.h
configure:4121: arm-elf-linux-androideabi-gcc -c -g -O2 -I /data/local/gcc/include conftest.c >&5
configure:4121: $? = 0
configure:4121: result: yes
configure:4133: checking for uint32_t
configure:4133: arm-elf-linux-androideabi-gcc -c -g -O2 -I /data/local/gcc/include conftest.c >&5
configure:4133: $? = 0
configure:4133: arm-elf-linux-androideabi-gcc -c -g -O2 -I /data/local/gcc/include conftest.c >&5
conftest.c: In function 'main':
conftest.c:57:23: error: expected expression before ')' token
configure:4133: $? = 1
configure: failed program was:
| /* confdefs.h */
| #define PACKAGE_NAME "haveged"
| #define PACKAGE_TARNAME "haveged"
| #define PACKAGE_VERSION "1.7"
| #define PACKAGE_STRING "haveged 1.7"
| #define PACKAGE_BUGREPORT ""
| #define PACKAGE_URL ""
| #define PACKAGE "haveged"
| #define VERSION "1.7"
| #define STDC_HEADERS 1
| #define HAVE_SYS_TYPES_H 1
| #define HAVE_SYS_STAT_H 1
| #define HAVE_STDLIB_H 1
| #define HAVE_STRING_H 1
| #define HAVE_MEMORY_H 1
| #define HAVE_STRINGS_H 1
| #define HAVE_INTTYPES_H 1
| #define HAVE_STDINT_H 1
| #define HAVE_UNISTD_H 1
| /* end confdefs.h.  */
| #include <stdio.h>
| #ifdef HAVE_SYS_TYPES_H
| # include <sys/types.h>
| #endif
| #ifdef HAVE_SYS_STAT_H
| # include <sys/stat.h>
| #endif
| #ifdef STDC_HEADERS
| # include <stdlib.h>
| # include <stddef.h>
| #else
| # ifdef HAVE_STDLIB_H
| #  include <stdlib.h>
| # endif
| #endif
| #ifdef HAVE_STRING_H
| # if !defined STDC_HEADERS && defined HAVE_MEMORY_H
| #  include <memory.h>
| # endif
| # include <string.h>
| #endif
| #ifdef HAVE_STRINGS_H
| # include <strings.h>
| #endif
| #ifdef HAVE_INTTYPES_H
| # include <inttypes.h>
| #endif
| #ifdef HAVE_STDINT_H
| # include <stdint.h>
| #endif
| #ifdef HAVE_UNISTD_H
| # include <unistd.h>
| #endif
| int
| main ()
| {
| if (sizeof ((uint32_t)))
| 	    return 0;
|   ;
|   return 0;
| }
configure:4133: result: yes
configure:4142: checking for uint8_t
configure:4142: arm-elf-linux-androideabi-gcc -c -g -O2 -I /data/local/gcc/include conftest.c >&5
configure:4142: $? = 0
configure:4142: arm-elf-linux-androideabi-gcc -c -g -O2 -I /data/local/gcc/include conftest.c >&5
conftest.c: In function 'main':
conftest.c:58:22: error: expected expression before ')' token
configure:4142: $? = 1
configure: failed program was:
| /* confdefs.h */
| #define PACKAGE_NAME "haveged"
| #define PACKAGE_TARNAME "haveged"
| #define PACKAGE_VERSION "1.7"
| #define PACKAGE_STRING "haveged 1.7"
| #define PACKAGE_BUGREPORT ""
| #define PACKAGE_URL ""
| #define PACKAGE "haveged"
| #define VERSION "1.7"
| #define STDC_HEADERS 1
| #define HAVE_SYS_TYPES_H 1
| #define HAVE_SYS_STAT_H 1
| #define HAVE_STDLIB_H 1
| #define HAVE_STRING_H 1
| #define HAVE_MEMORY_H 1
| #define HAVE_STRINGS_H 1
| #define HAVE_INTTYPES_H 1
| #define HAVE_STDINT_H 1
| #define HAVE_UNISTD_H 1
| #define HAVE_UINT32_T 1
| /* end confdefs.h.  */
| #include <stdio.h>
| #ifdef HAVE_SYS_TYPES_H
| # include <sys/types.h>
| #endif
| #ifdef HAVE_SYS_STAT_H
| # include <sys/stat.h>
| #endif
| #ifdef STDC_HEADERS
| # include <stdlib.h>
| # include <stddef.h>
| #else
| # ifdef HAVE_STDLIB_H
| #  include <stdlib.h>
| # endif
| #endif
| #ifdef HAVE_STRING_H
| # if !defined STDC_HEADERS && defined HAVE_MEMORY_H
| #  include <memory.h>
| # endif
| # include <string.h>
| #endif
| #ifdef HAVE_STRINGS_H
| # include <strings.h>
| #endif
| #ifdef HAVE_INTTYPES_H
| # include <inttypes.h>
| #endif
| #ifdef HAVE_STDINT_H
| # include <stdint.h>
| #endif
| #ifdef HAVE_UNISTD_H
| # include <unistd.h>
| #endif
| int
| main ()
| {
| if (sizeof ((uint8_t)))
| 	    return 0;
|   ;
|   return 0;
| }
configure:4142: result: yes
configure:4185: checking build system type
configure:4199: result: armv7l-unknown-linux-gnueabi
configure:4219: checking host system type
configure:4232: result: arm-elf-linux-androideabi
configure:4273: checking how to print strings
configure:4300: result: printf
configure:4321: checking for a sed that does not truncate output
configure:4385: result: /system/xbin/sed
configure:4403: checking for fgrep
configure:4465: result: /system/xbin/grep -F
configure:4500: checking for ld used by arm-elf-linux-androideabi-gcc
configure:4567: result: /data/local/gcc/arm-elf-linux-androideabi/bin/ld
configure:4574: checking if the linker (/data/local/gcc/arm-elf-linux-androideabi/bin/ld) is GNU ld
configure:4589: result: yes
configure:4601: checking for BSD- or MS-compatible name lister (nm)
configure:4650: result: no
configure:4664: checking for arm-elf-linux-androideabi-dumpbin
configure:4694: result: no
configure:4664: checking for arm-elf-linux-androideabi-link
configure:4694: result: no
configure:4708: checking for dumpbin
configure:4738: result: no
configure:4708: checking for link
configure:4738: result: no
configure:4780: checking the name lister (nm) interface
configure:4787: arm-elf-linux-androideabi-gcc -c -g -O2 -I /data/local/gcc/include conftest.c >&5
configure:4790: nm "conftest.o"
configure:4793: output
00000000 B some_variable
configure:4800: result: BSD nm
configure:4803: checking whether ln -s works
configure:4807: result: yes
configure:4815: checking the maximum length of command line arguments
configure:4940: result: 32768
configure:4957: checking whether the shell understands some XSI constructs
configure:4967: result: yes
configure:4971: checking whether the shell understands "+="
configure:4977: result: yes
configure:5012: checking how to convert armv7l-unknown-linux-gnueabi file names to arm-elf-linux-androideabi format
configure:5052: result: func_convert_file_noop
configure:5059: checking how to convert armv7l-unknown-linux-gnueabi file names to toolchain format
configure:5079: result: func_convert_file_noop
configure:5086: checking for /data/local/gcc/arm-elf-linux-androideabi/bin/ld option to reload object files
configure:5093: result: -r
configure:5127: checking for arm-elf-linux-androideabi-objdump
configure:5157: result: no
configure:5167: checking for objdump
configure:5183: found /data/local/gcc/bin/objdump
configure:5194: result: objdump
configure:5226: checking how to recognize dependent libraries
configure:5428: result: pass_all
configure:5473: checking for arm-elf-linux-androideabi-dlltool
configure:5503: result: no
configure:5513: checking for dlltool
configure:5543: result: no
configure:5573: checking how to associate runtime and link libraries
configure:5600: result: printf %s\n
configure:5616: checking for arm-elf-linux-androideabi-ar
configure:5646: result: no
configure:5660: checking for ar
configure:5676: found /data/local/gcc/bin/ar
configure:5687: result: ar
configure:5724: checking for archiver @FILE support
configure:5741: arm-elf-linux-androideabi-gcc -c -g -O2 -I /data/local/gcc/include conftest.c >&5
configure:5741: $? = 0
configure:5744: ar cru libconftest.a @conftest.lst >&5
configure:5747: $? = 0
configure:5752: ar cru libconftest.a @conftest.lst >&5
ar: conftest.o: No such file or directory
configure:5755: $? = 1
configure:5767: result: @
configure:5785: checking for arm-elf-linux-androideabi-strip
configure:5812: result: strip
configure:5884: checking for arm-elf-linux-androideabi-ranlib
configure:5914: result: no
configure:5924: checking for ranlib
configure:5940: found /data/local/gcc/bin/ranlib
configure:5951: result: ranlib
configure:6053: checking command to parse nm output from arm-elf-linux-androideabi-gcc object
configure:6172: arm-elf-linux-androideabi-gcc -c -g -O2 -I /data/local/gcc/include conftest.c >&5
configure:6175: $? = 0
configure:6179: nm conftest.o \| sed -n -e 's/^.*[ ]\([ABCDGIRSTW][ABCDGIRSTW]*\)[ ][ ]*\([_A-Za-z][_A-Za-z0-9]*\)$/\1 \2 \2/p' | sed '/ __gnu_lto/d' \> conftest.nm
configure:6182: $? = 0
configure:6248: arm-elf-linux-androideabi-gcc -o conftest -g -O2 -I /data/local/gcc/include  conftest.c conftstm.o >&5
configure:6251: $? = 0
configure:6289: result: ok
configure:6326: checking for sysroot
configure:6356: result: no
configure:6559: checking for arm-elf-linux-androideabi-mt
configure:6589: result: no
configure:6599: checking for mt
configure:6615: found /system/xbin/mt
configure:6626: result: mt
configure:6649: checking if mt is a manifest tool
configure:6655: mt '-?'
mt: unrecognized opcode -?
configure:6663: result: no
configure:7292: checking for dlfcn.h
configure:7292: arm-elf-linux-androideabi-gcc -c -g -O2 -I /data/local/gcc/include conftest.c >&5
configure:7292: $? = 0
configure:7292: result: yes
configure:7479: checking for objdir
configure:7494: result: .libs
configure:7761: checking if arm-elf-linux-androideabi-gcc supports -fno-rtti -fno-exceptions
configure:7779: arm-elf-linux-androideabi-gcc -c -g -O2 -I /data/local/gcc/include -fno-rtti -fno-exceptions conftest.c >&5
cc1: warning: command line option '-fno-rtti' is valid for C++/ObjC++ but not for C [enabled by default]
configure:7783: $? = 0
configure:7796: result: no
configure:8106: checking for arm-elf-linux-androideabi-gcc option to produce PIC
configure:8113: result: -fPIC -DPIC
configure:8121: checking if arm-elf-linux-androideabi-gcc PIC flag -fPIC -DPIC works
configure:8139: arm-elf-linux-androideabi-gcc -c -g -O2 -I /data/local/gcc/include -fPIC -DPIC -DPIC conftest.c >&5
configure:8143: $? = 0
configure:8156: result: yes
configure:8185: checking if arm-elf-linux-androideabi-gcc static flag -static works
configure:8213: result: no
configure:8228: checking if arm-elf-linux-androideabi-gcc supports -c -o file.o
configure:8249: arm-elf-linux-androideabi-gcc -c -g -O2 -I /data/local/gcc/include -o out/conftest2.o conftest.c >&5
configure:8253: $? = 0
configure:8275: result: yes
configure:8283: checking if arm-elf-linux-androideabi-gcc supports -c -o file.o
configure:8330: result: yes
configure:8363: checking whether the arm-elf-linux-androideabi-gcc linker (/data/local/gcc/arm-elf-linux-androideabi/bin/ld) supports shared libraries
configure:9521: result: yes
configure:9558: checking whether -lc should be explicitly linked in
configure:9566: arm-elf-linux-androideabi-gcc -c -g -O2 -I /data/local/gcc/include conftest.c >&5
configure:9569: $? = 0
configure:9584: arm-elf-linux-androideabi-gcc -shared  -fPIC -DPIC conftest.o  -v -Wl,-soname -Wl,conftest -o conftest 2\>\&1 \| /system/xbin/grep  -lc  \>/dev/null 2\>\&1
configure:9587: $? = 0
configure:9601: result: no
configure:9766: checking dynamic linker characteristics
configure:10280: arm-elf-linux-androideabi-gcc -o conftest -g -O2 -I /data/local/gcc/include  -Wl,-rpath -Wl,/foo conftest.c  >&5
configure:10280: $? = 0
configure:10502: result: GNU/Linux ld.so
configure:10609: checking how to hardcode library paths into programs
configure:10634: result: immediate
configure:11174: checking whether stripping libraries is possible
configure:11179: result: yes
configure:11214: checking if libtool supports shared libraries
configure:11216: result: yes
configure:11219: checking whether to build shared libraries
configure:11240: result: yes
configure:11243: checking whether to build static libraries
configure:11247: result: yes
configure:11461: checking for arm-elf-linux-androideabi-gcc
configure:11488: result: arm-elf-linux-androideabi-gcc
configure:11563: checking for C compiler version
configure:11572: arm-elf-linux-androideabi-gcc --version >&5
arm-elf-linux-androideabi-gcc (GCC) 4.6.0
Copyright (C) 2011 Free Software Foundation, Inc.
This is free software; see the source for copying conditions.  There is NO
warranty; not even for MERCHANTABILITY or FITNESS FOR A PARTICULAR PURPOSE.

configure:11583: $? = 0
configure:11572: arm-elf-linux-androideabi-gcc -v >&5
Using built-in specs.
COLLECT_GCC=arm-elf-linux-androideabi-gcc
COLLECT_LTO_WRAPPER=/data/local/gcc/libexec/gcc/arm-elf-linux-androideabi/4.6.0/lto-wrapper
Target: arm-elf-linux-androideabi
Configured with: ../../gcc-4.6.0/configure --build=i486-linux-gnu --host=arm-elf-linux-androideabi --target=arm-elf-linux-androideabi --enable-languages=c,c++,fortran,objc,obj-c++ --prefix=/data/local/gcc --with-build-sysroot=/opt/android-ndk/platforms/android-8/arch-arm --oldincludedir=/opt/android-ndk/platforms/android-8/arch-arm/usr/include -includedir=/opt/android-ndk/platforms/android-8/arch-arm/usr/include --disable-multilib --with-gnu-as --with-gnu-ld --disable-libssp --enable-threads --disable-nls --disable-tls --disable-libgomp --disable-libstdc__-v3 --disable-sjlj-exceptions --enable-shared --with-float=soft --with-fpu=vfp --with-arch=armv5te --enable-target-optspace
Thread model: posix
gcc version 4.6.0 (GCC) 
configure:11583: $? = 0
configure:11572: arm-elf-linux-androideabi-gcc -V >&5
arm-elf-linux-androideabi-gcc: error: unrecognized option '-V'
arm-elf-linux-androideabi-gcc: fatal error: no input files
compilation terminated.
configure:11583: $? = 1
configure:11572: arm-elf-linux-androideabi-gcc -qversion >&5
arm-elf-linux-androideabi-gcc: error: unrecognized option '-qversion'
arm-elf-linux-androideabi-gcc: fatal error: no input files
compilation terminated.
configure:11583: $? = 1
configure:11587: checking whether we are using the GNU C compiler
configure:11615: result: yes
configure:11624: checking whether arm-elf-linux-androideabi-gcc accepts -g
configure:11685: result: yes
configure:11702: checking for arm-elf-linux-androideabi-gcc option to accept ISO C89
configure:11779: result: none needed
configure:11801: checking dependency style of arm-elf-linux-androideabi-gcc
configure:11911: result: gcc3
configure:11928: checking for an ANSI C-conforming const
configure:11993: arm-elf-linux-androideabi-gcc -c -g -O2 -I /data/local/gcc/include conftest.c >&5
configure:11993: $? = 0
configure:12000: result: yes
configure:12008: checking whether time.h and sys/time.h may both be included
configure:12028: arm-elf-linux-androideabi-gcc -c -g -O2 -I /data/local/gcc/include conftest.c >&5
configure:12028: $? = 0
configure:12035: result: yes
configure:12046: checking whether arm-elf-linux-androideabi-gcc needs -traditional
configure:12080: result: no
configure:12089: checking for stdlib.h
configure:12089: result: yes
configure:12099: checking for GNU libc compatible malloc
configure:12123: arm-elf-linux-androideabi-gcc -o conftest -g -O2 -I /data/local/gcc/include  conftest.c  >&5
configure:12123: $? = 0
configure:12123: ./conftest
configure:12123: $? = 0
configure:12133: result: yes
configure:12157: checking sys/select.h usability
configure:12157: arm-elf-linux-androideabi-gcc -c -g -O2 -I /data/local/gcc/include conftest.c >&5
configure:12157: $? = 0
configure:12157: result: yes
configure:12157: checking sys/select.h presence
configure:12157: arm-elf-linux-androideabi-gcc -E -I /data/local/gcc/include conftest.c
configure:12157: $? = 0
configure:12157: result: yes
configure:12157: checking for sys/select.h
configure:12157: result: yes
configure:12157: checking sys/socket.h usability
configure:12157: arm-elf-linux-androideabi-gcc -c -g -O2 -I /data/local/gcc/include conftest.c >&5
configure:12157: $? = 0
configure:12157: result: yes
configure:12157: checking sys/socket.h presence
configure:12157: arm-elf-linux-androideabi-gcc -E -I /data/local/gcc/include conftest.c
configure:12157: $? = 0
configure:12157: result: yes
configure:12157: checking for sys/socket.h
configure:12157: result: yes
configure:12167: checking types of arguments for select
configure:12195: arm-elf-linux-androideabi-gcc -c -g -O2 -I /data/local/gcc/include conftest.c >&5
configure:12195: $? = 0
configure:12206: result: int,fd_set *,struct timeval *
configure:12229: checking return type of signal handlers
configure:12247: arm-elf-linux-androideabi-gcc -c -g -O2 -I /data/local/gcc/include conftest.c >&5
conftest.c: In function 'main':
conftest.c:41:1: error: void value not ignored as it ought to be
configure:12247: $? = 1
configure: failed program was:
| /* confdefs.h */
| #define PACKAGE_NAME "haveged"
| #define PACKAGE_TARNAME "haveged"
| #define PACKAGE_VERSION "1.7"
| #define PACKAGE_STRING "haveged 1.7"
| #define PACKAGE_BUGREPORT ""
| #define PACKAGE_URL ""
| #define PACKAGE "haveged"
| #define VERSION "1.7"
| #define STDC_HEADERS 1
| #define HAVE_SYS_TYPES_H 1
| #define HAVE_SYS_STAT_H 1
| #define HAVE_STDLIB_H 1
| #define HAVE_STRING_H 1
| #define HAVE_MEMORY_H 1
| #define HAVE_STRINGS_H 1
| #define HAVE_INTTYPES_H 1
| #define HAVE_STDINT_H 1
| #define HAVE_UNISTD_H 1
| #define HAVE_UINT32_T 1
| #define HAVE_UINT8_T 1
| #define HAVE_DLFCN_H 1
| #define LT_OBJDIR ".libs/"
| #define ONLINE_TESTS_ENABLE 1
| #define NUMBER_CORES 1
| #define TIME_WITH_SYS_TIME 1
| #define HAVE_STDLIB_H 1
| #define HAVE_MALLOC 1
| #define HAVE_SYS_SELECT_H 1
| #define HAVE_SYS_SOCKET_H 1
| #define SELECT_TYPE_ARG1 int
| #define SELECT_TYPE_ARG234 (fd_set *)
| #define SELECT_TYPE_ARG5 (struct timeval *)
| /* end confdefs.h.  */
| #include <sys/types.h>
| #include <signal.h>
| 
| int
| main ()
| {
| return *(signal (0, 0)) (0) == 1;
|   ;
|   return 0;
| }
configure:12254: result: void
configure:12265: checking for __rdtsc
configure:12265: arm-elf-linux-androideabi-gcc -o conftest -g -O2 -I /data/local/gcc/include  conftest.c  >&5
/tmp//ccd15856.o: In function `main':
/data/local/idcrisis/haveged/haveged-1.7/conftest.c:70: undefined reference to `__rdtsc'
collect2: ld returned 1 exit status
configure:12265: $? = 1
configure: failed program was:
| /* confdefs.h */
| #define PACKAGE_NAME "haveged"
| #define PACKAGE_TARNAME "haveged"
| #define PACKAGE_VERSION "1.7"
| #define PACKAGE_STRING "haveged 1.7"
| #define PACKAGE_BUGREPORT ""
| #define PACKAGE_URL ""
| #define PACKAGE "haveged"
| #define VERSION "1.7"
| #define STDC_HEADERS 1
| #define HAVE_SYS_TYPES_H 1
| #define HAVE_SYS_STAT_H 1
| #define HAVE_STDLIB_H 1
| #define HAVE_STRING_H 1
| #define HAVE_MEMORY_H 1
| #define HAVE_STRINGS_H 1
| #define HAVE_INTTYPES_H 1
| #define HAVE_STDINT_H 1
| #define HAVE_UNISTD_H 1
| #define HAVE_UINT32_T 1
| #define HAVE_UINT8_T 1
| #define HAVE_DLFCN_H 1
| #define LT_OBJDIR ".libs/"
| #define ONLINE_TESTS_ENABLE 1
| #define NUMBER_CORES 1
| #define TIME_WITH_SYS_TIME 1
| #define HAVE_STDLIB_H 1
| #define HAVE_MALLOC 1
| #define HAVE_SYS_SELECT_H 1
| #define HAVE_SYS_SOCKET_H 1
| #define SELECT_TYPE_ARG1 int
| #define SELECT_TYPE_ARG234 (fd_set *)
| #define SELECT_TYPE_ARG5 (struct timeval *)
| #define RETSIGTYPE void
| /* end confdefs.h.  */
| /* Define __rdtsc to an innocuous variant, in case <limits.h> declares __rdtsc.
|    For example, HP-UX 11i <limits.h> declares gettimeofday.  */
| #define __rdtsc innocuous___rdtsc
| 
| /* System header to define __stub macros and hopefully few prototypes,
|     which can conflict with char __rdtsc (); below.
|     Prefer <limits.h> to <assert.h> if __STDC__ is defined, since
|     <limits.h> exists even on freestanding compilers.  */
| 
| #ifdef __STDC__
| # include <limits.h>
| #else
| # include <assert.h>
| #endif
| 
| #undef __rdtsc
| 
| /* Override any GCC internal prototype to avoid an error.
|    Use char because int might match the return type of a GCC
|    builtin and then its argument prototype would still apply.  */
| #ifdef __cplusplus
| extern "C"
| #endif
| char __rdtsc ();
| /* The GNU C library defines this for functions which it implements
|     to always fail with ENOSYS.  Some functions are actually named
|     something starting with __ and the normal name is an alias.  */
| #if defined __stub___rdtsc || defined __stub_____rdtsc
| choke me
| #endif
| 
| int
| main ()
| {
| return __rdtsc ();
|   ;
|   return 0;
| }
configure:12265: result: no
configure:12265: checking for floor
configure:12265: arm-elf-linux-androideabi-gcc -o conftest -g -O2 -I /data/local/gcc/include  conftest.c  >&5
conftest.c:59:6: warning: conflicting types for built-in function 'floor' [enabled by default]
/tmp//ccN15874.o: In function `main':
/data/local/idcrisis/haveged/haveged-1.7/conftest.c:70: undefined reference to `floor'
collect2: ld returned 1 exit status
configure:12265: $? = 1
configure: failed program was:
| /* confdefs.h */
| #define PACKAGE_NAME "haveged"
| #define PACKAGE_TARNAME "haveged"
| #define PACKAGE_VERSION "1.7"
| #define PACKAGE_STRING "haveged 1.7"
| #define PACKAGE_BUGREPORT ""
| #define PACKAGE_URL ""
| #define PACKAGE "haveged"
| #define VERSION "1.7"
| #define STDC_HEADERS 1
| #define HAVE_SYS_TYPES_H 1
| #define HAVE_SYS_STAT_H 1
| #define HAVE_STDLIB_H 1
| #define HAVE_STRING_H 1
| #define HAVE_MEMORY_H 1
| #define HAVE_STRINGS_H 1
| #define HAVE_INTTYPES_H 1
| #define HAVE_STDINT_H 1
| #define HAVE_UNISTD_H 1
| #define HAVE_UINT32_T 1
| #define HAVE_UINT8_T 1
| #define HAVE_DLFCN_H 1
| #define LT_OBJDIR ".libs/"
| #define ONLINE_TESTS_ENABLE 1
| #define NUMBER_CORES 1
| #define TIME_WITH_SYS_TIME 1
| #define HAVE_STDLIB_H 1
| #define HAVE_MALLOC 1
| #define HAVE_SYS_SELECT_H 1
| #define HAVE_SYS_SOCKET_H 1
| #define SELECT_TYPE_ARG1 int
| #define SELECT_TYPE_ARG234 (fd_set *)
| #define SELECT_TYPE_ARG5 (struct timeval *)
| #define RETSIGTYPE void
| /* end confdefs.h.  */
| /* Define floor to an innocuous variant, in case <limits.h> declares floor.
|    For example, HP-UX 11i <limits.h> declares gettimeofday.  */
| #define floor innocuous_floor
| 
| /* System header to define __stub macros and hopefully few prototypes,
|     which can conflict with char floor (); below.
|     Prefer <limits.h> to <assert.h> if __STDC__ is defined, since
|     <limits.h> exists even on freestanding compilers.  */
| 
| #ifdef __STDC__
| # include <limits.h>
| #else
| # include <assert.h>
| #endif
| 
| #undef floor
| 
| /* Override any GCC internal prototype to avoid an error.
|    Use char because int might match the return type of a GCC
|    builtin and then its argument prototype would still apply.  */
| #ifdef __cplusplus
| extern "C"
| #endif
| char floor ();
| /* The GNU C library defines this for functions which it implements
|     to always fail with ENOSYS.  Some functions are actually named
|     something starting with __ and the normal name is an alias.  */
| #if defined __stub_floor || defined __stub___floor
| choke me
| #endif
| 
| int
| main ()
| {
| return floor ();
|   ;
|   return 0;
| }
configure:12265: result: no
configure:12265: checking for gettimeofday
configure:12265: arm-elf-linux-androideabi-gcc -o conftest -g -O2 -I /data/local/gcc/include  conftest.c  >&5
configure:12265: $? = 0
configure:12265: result: yes
configure:12265: checking for memset
configure:12265: arm-elf-linux-androideabi-gcc -o conftest -g -O2 -I /data/local/gcc/include  conftest.c  >&5
conftest.c:60:6: warning: conflicting types for built-in function 'memset' [enabled by default]
configure:12265: $? = 0
configure:12265: result: yes
configure:12265: checking for pow
configure:12265: arm-elf-linux-androideabi-gcc -o conftest -g -O2 -I /data/local/gcc/include  conftest.c  >&5
conftest.c:61:6: warning: conflicting types for built-in function 'pow' [enabled by default]
/tmp//ccQ15933.o: In function `main':
/data/local/idcrisis/haveged/haveged-1.7/conftest.c:72: undefined reference to `pow'
collect2: ld returned 1 exit status
configure:12265: $? = 1
configure: failed program was:
| /* confdefs.h */
| #define PACKAGE_NAME "haveged"
| #define PACKAGE_TARNAME "haveged"
| #define PACKAGE_VERSION "1.7"
| #define PACKAGE_STRING "haveged 1.7"
| #define PACKAGE_BUGREPORT ""
| #define PACKAGE_URL ""
| #define PACKAGE "haveged"
| #define VERSION "1.7"
| #define STDC_HEADERS 1
| #define HAVE_SYS_TYPES_H 1
| #define HAVE_SYS_STAT_H 1
| #define HAVE_STDLIB_H 1
| #define HAVE_STRING_H 1
| #define HAVE_MEMORY_H 1
| #define HAVE_STRINGS_H 1
| #define HAVE_INTTYPES_H 1
| #define HAVE_STDINT_H 1
| #define HAVE_UNISTD_H 1
| #define HAVE_UINT32_T 1
| #define HAVE_UINT8_T 1
| #define HAVE_DLFCN_H 1
| #define LT_OBJDIR ".libs/"
| #define ONLINE_TESTS_ENABLE 1
| #define NUMBER_CORES 1
| #define TIME_WITH_SYS_TIME 1
| #define HAVE_STDLIB_H 1
| #define HAVE_MALLOC 1
| #define HAVE_SYS_SELECT_H 1
| #define HAVE_SYS_SOCKET_H 1
| #define SELECT_TYPE_ARG1 int
| #define SELECT_TYPE_ARG234 (fd_set *)
| #define SELECT_TYPE_ARG5 (struct timeval *)
| #define RETSIGTYPE void
| #define HAVE_GETTIMEOFDAY 1
| #define HAVE_MEMSET 1
| /* end confdefs.h.  */
| /* Define pow to an innocuous variant, in case <limits.h> declares pow.
|    For example, HP-UX 11i <limits.h> declares gettimeofday.  */
| #define pow innocuous_pow
| 
| /* System header to define __stub macros and hopefully few prototypes,
|     which can conflict with char pow (); below.
|     Prefer <limits.h> to <assert.h> if __STDC__ is defined, since
|     <limits.h> exists even on freestanding compilers.  */
| 
| #ifdef __STDC__
| # include <limits.h>
| #else
| # include <assert.h>
| #endif
| 
| #undef pow
| 
| /* Override any GCC internal prototype to avoid an error.
|    Use char because int might match the return type of a GCC
|    builtin and then its argument prototype would still apply.  */
| #ifdef __cplusplus
| extern "C"
| #endif
| char pow ();
| /* The GNU C library defines this for functions which it implements
|     to always fail with ENOSYS.  Some functions are actually named
|     something starting with __ and the normal name is an alias.  */
| #if defined __stub_pow || defined __stub___pow
| choke me
| #endif
| 
| int
| main ()
| {
| return pow ();
|   ;
|   return 0;
| }
configure:12265: result: no
configure:12265: checking for select
configure:12265: arm-elf-linux-androideabi-gcc -o conftest -g -O2 -I /data/local/gcc/include  conftest.c  >&5
configure:12265: $? = 0
configure:12265: result: yes
configure:12265: checking for sched_yield
configure:12265: arm-elf-linux-androideabi-gcc -o conftest -g -O2 -I /data/local/gcc/include  conftest.c  >&5
configure:12265: $? = 0
configure:12265: result: yes
configure:12265: checking for sqrt
configure:12265: arm-elf-linux-androideabi-gcc -o conftest -g -O2 -I /data/local/gcc/include  conftest.c  >&5
conftest.c:63:6: warning: conflicting types for built-in function 'sqrt' [enabled by default]
/tmp//ccg15989.o: In function `main':
/data/local/idcrisis/haveged/haveged-1.7/conftest.c:74: undefined reference to `sqrt'
collect2: ld returned 1 exit status
configure:12265: $? = 1
configure: failed program was:
| /* confdefs.h */
| #define PACKAGE_NAME "haveged"
| #define PACKAGE_TARNAME "haveged"
| #define PACKAGE_VERSION "1.7"
| #define PACKAGE_STRING "haveged 1.7"
| #define PACKAGE_BUGREPORT ""
| #define PACKAGE_URL ""
| #define PACKAGE "haveged"
| #define VERSION "1.7"
| #define STDC_HEADERS 1
| #define HAVE_SYS_TYPES_H 1
| #define HAVE_SYS_STAT_H 1
| #define HAVE_STDLIB_H 1
| #define HAVE_STRING_H 1
| #define HAVE_MEMORY_H 1
| #define HAVE_STRINGS_H 1
| #define HAVE_INTTYPES_H 1
| #define HAVE_STDINT_H 1
| #define HAVE_UNISTD_H 1
| #define HAVE_UINT32_T 1
| #define HAVE_UINT8_T 1
| #define HAVE_DLFCN_H 1
| #define LT_OBJDIR ".libs/"
| #define ONLINE_TESTS_ENABLE 1
| #define NUMBER_CORES 1
| #define TIME_WITH_SYS_TIME 1
| #define HAVE_STDLIB_H 1
| #define HAVE_MALLOC 1
| #define HAVE_SYS_SELECT_H 1
| #define HAVE_SYS_SOCKET_H 1
| #define SELECT_TYPE_ARG1 int
| #define SELECT_TYPE_ARG234 (fd_set *)
| #define SELECT_TYPE_ARG5 (struct timeval *)
| #define RETSIGTYPE void
| #define HAVE_GETTIMEOFDAY 1
| #define HAVE_MEMSET 1
| #define HAVE_SELECT 1
| #define HAVE_SCHED_YIELD 1
| /* end confdefs.h.  */
| /* Define sqrt to an innocuous variant, in case <limits.h> declares sqrt.
|    For example, HP-UX 11i <limits.h> declares gettimeofday.  */
| #define sqrt innocuous_sqrt
| 
| /* System header to define __stub macros and hopefully few prototypes,
|     which can conflict with char sqrt (); below.
|     Prefer <limits.h> to <assert.h> if __STDC__ is defined, since
|     <limits.h> exists even on freestanding compilers.  */
| 
| #ifdef __STDC__
| # include <limits.h>
| #else
| # include <assert.h>
| #endif
| 
| #undef sqrt
| 
| /* Override any GCC internal prototype to avoid an error.
|    Use char because int might match the return type of a GCC
|    builtin and then its argument prototype would still apply.  */
| #ifdef __cplusplus
| extern "C"
| #endif
| char sqrt ();
| /* The GNU C library defines this for functions which it implements
|     to always fail with ENOSYS.  Some functions are actually named
|     something starting with __ and the normal name is an alias.  */
| #if defined __stub_sqrt || defined __stub___sqrt
| choke me
| #endif
| 
| int
| main ()
| {
| return sqrt ();
|   ;
|   return 0;
| }
configure:12265: result: no
configure:12276: checking for ANSI C header files
configure:12380: result: yes
configure:12390: checking fcntl.h usability
configure:12390: arm-elf-linux-androideabi-gcc -c -g -O2 -I /data/local/gcc/include conftest.c >&5
configure:12390: $? = 0
configure:12390: result: yes
configure:12390: checking fcntl.h presence
configure:12390: arm-elf-linux-androideabi-gcc -E -I /data/local/gcc/include conftest.c
configure:12390: $? = 0
configure:12390: result: yes
configure:12390: checking for fcntl.h
configure:12390: result: yes
configure:12402: checking sched.h usability
configure:12402: arm-elf-linux-androideabi-gcc -c -g -O2 -I /data/local/gcc/include conftest.c >&5
configure:12402: $? = 0
configure:12402: result: yes
configure:12402: checking sched.h presence
configure:12402: arm-elf-linux-androideabi-gcc -E -I /data/local/gcc/include conftest.c
configure:12402: $? = 0
configure:12402: result: yes
configure:12402: checking for sched.h
configure:12402: result: yes
configure:12414: checking semaphore.h usability
configure:12414: arm-elf-linux-androideabi-gcc -c -g -O2 -I /data/local/gcc/include conftest.c >&5
configure:12414: $? = 0
configure:12414: result: yes
configure:12414: checking semaphore.h presence
configure:12414: arm-elf-linux-androideabi-gcc -E -I /data/local/gcc/include conftest.c
configure:12414: $? = 0
configure:12414: result: yes
configure:12414: checking for semaphore.h
configure:12414: result: yes
configure:12426: checking for stdlib.h
configure:12426: result: yes
configure:12438: checking for string.h
configure:12438: result: yes
configure:12450: checking sys/ioctl.h usability
configure:12450: arm-elf-linux-androideabi-gcc -c -g -O2 -I /data/local/gcc/include conftest.c >&5
configure:12450: $? = 0
configure:12450: result: yes
configure:12450: checking sys/ioctl.h presence
configure:12450: arm-elf-linux-androideabi-gcc -E -I /data/local/gcc/include conftest.c
configure:12450: $? = 0
configure:12450: result: yes
configure:12450: checking for sys/ioctl.h
configure:12450: result: yes
configure:12462: checking sys/mman.h usability
configure:12462: arm-elf-linux-androideabi-gcc -c -g -O2 -I /data/local/gcc/include conftest.c >&5
configure:12462: $? = 0
configure:12462: result: yes
configure:12462: checking sys/mman.h presence
configure:12462: arm-elf-linux-androideabi-gcc -E -I /data/local/gcc/include conftest.c
configure:12462: $? = 0
configure:12462: result: yes
configure:12462: checking for sys/mman.h
configure:12462: result: yes
configure:12474: checking sys/wait.h usability
configure:12474: arm-elf-linux-androideabi-gcc -c -g -O2 -I /data/local/gcc/include conftest.c >&5
configure:12474: $? = 0
configure:12474: result: yes
configure:12474: checking sys/wait.h presence
configure:12474: arm-elf-linux-androideabi-gcc -E -I /data/local/gcc/include conftest.c
configure:12474: $? = 0
configure:12474: result: yes
configure:12474: checking for sys/wait.h
configure:12474: result: yes
configure:12486: checking time.h usability
configure:12486: arm-elf-linux-androideabi-gcc -c -g -O2 -I /data/local/gcc/include conftest.c >&5
configure:12486: $? = 0
configure:12486: result: yes
configure:12486: checking time.h presence
configure:12486: arm-elf-linux-androideabi-gcc -E -I /data/local/gcc/include conftest.c
configure:12486: $? = 0
configure:12486: result: yes
configure:12486: checking for time.h
configure:12486: result: yes
configure:12498: checking sys/time.h usability
configure:12498: arm-elf-linux-androideabi-gcc -c -g -O2 -I /data/local/gcc/include conftest.c >&5
configure:12498: $? = 0
configure:12498: result: yes
configure:12498: checking sys/time.h presence
configure:12498: arm-elf-linux-androideabi-gcc -E -I /data/local/gcc/include conftest.c
configure:12498: $? = 0
configure:12498: result: yes
configure:12498: checking for sys/time.h
configure:12498: result: yes
configure:12510: checking for unistd.h
configure:12510: result: yes
configure:12522: checking cpuid.h usability
configure:12522: arm-elf-linux-androideabi-gcc -c -g -O2 -I /data/local/gcc/include conftest.c >&5
conftest.c:85:19: fatal error: cpuid.h: No such file or directory
compilation terminated.
configure:12522: $? = 1
configure: failed program was:
| /* confdefs.h */
| #define PACKAGE_NAME "haveged"
| #define PACKAGE_TARNAME "haveged"
| #define PACKAGE_VERSION "1.7"
| #define PACKAGE_STRING "haveged 1.7"
| #define PACKAGE_BUGREPORT ""
| #define PACKAGE_URL ""
| #define PACKAGE "haveged"
| #define VERSION "1.7"
| #define STDC_HEADERS 1
| #define HAVE_SYS_TYPES_H 1
| #define HAVE_SYS_STAT_H 1
| #define HAVE_STDLIB_H 1
| #define HAVE_STRING_H 1
| #define HAVE_MEMORY_H 1
| #define HAVE_STRINGS_H 1
| #define HAVE_INTTYPES_H 1
| #define HAVE_STDINT_H 1
| #define HAVE_UNISTD_H 1
| #define HAVE_UINT32_T 1
| #define HAVE_UINT8_T 1
| #define HAVE_DLFCN_H 1
| #define LT_OBJDIR ".libs/"
| #define ONLINE_TESTS_ENABLE 1
| #define NUMBER_CORES 1
| #define TIME_WITH_SYS_TIME 1
| #define HAVE_STDLIB_H 1
| #define HAVE_MALLOC 1
| #define HAVE_SYS_SELECT_H 1
| #define HAVE_SYS_SOCKET_H 1
| #define SELECT_TYPE_ARG1 int
| #define SELECT_TYPE_ARG234 (fd_set *)
| #define SELECT_TYPE_ARG5 (struct timeval *)
| #define RETSIGTYPE void
| #define HAVE_GETTIMEOFDAY 1
| #define HAVE_MEMSET 1
| #define HAVE_SELECT 1
| #define HAVE_SCHED_YIELD 1
| #define STDC_HEADERS 1
| #define HAVE_FCNTL_H 1
| #define HAVE_SCHED_H 1
| #define HAVE_SEMAPHORE_H 1
| #define HAVE_STDLIB_H 1
| #define HAVE_STRING_H 1
| #define HAVE_SYS_IOCTL_H 1
| #define HAVE_SYS_MMAN_H 1
| #define HAVE_SYS_WAIT_H 1
| #define HAVE_TIME_H 1
| #define HAVE_SYS_TIME_H 1
| #define HAVE_UNISTD_H 1
| /* end confdefs.h.  */
| #include <stdio.h>
| #ifdef HAVE_SYS_TYPES_H
| # include <sys/types.h>
| #endif
| #ifdef HAVE_SYS_STAT_H
| # include <sys/stat.h>
| #endif
| #ifdef STDC_HEADERS
| # include <stdlib.h>
| # include <stddef.h>
| #else
| # ifdef HAVE_STDLIB_H
| #  include <stdlib.h>
| # endif
| #endif
| #ifdef HAVE_STRING_H
| # if !defined STDC_HEADERS && defined HAVE_MEMORY_H
| #  include <memory.h>
| # endif
| # include <string.h>
| #endif
| #ifdef HAVE_STRINGS_H
| # include <strings.h>
| #endif
| #ifdef HAVE_INTTYPES_H
| # include <inttypes.h>
| #endif
| #ifdef HAVE_STDINT_H
| # include <stdint.h>
| #endif
| #ifdef HAVE_UNISTD_H
| # include <unistd.h>
| #endif
| #include <cpuid.h>
configure:12522: result: no
configure:12522: checking cpuid.h presence
configure:12522: arm-elf-linux-androideabi-gcc -E -I /data/local/gcc/include conftest.c
conftest.c:52:19: fatal error: cpuid.h: No such file or directory
compilation terminated.
configure:12522: $? = 1
configure: failed program was:
| /* confdefs.h */
| #define PACKAGE_NAME "haveged"
| #define PACKAGE_TARNAME "haveged"
| #define PACKAGE_VERSION "1.7"
| #define PACKAGE_STRING "haveged 1.7"
| #define PACKAGE_BUGREPORT ""
| #define PACKAGE_URL ""
| #define PACKAGE "haveged"
| #define VERSION "1.7"
| #define STDC_HEADERS 1
| #define HAVE_SYS_TYPES_H 1
| #define HAVE_SYS_STAT_H 1
| #define HAVE_STDLIB_H 1
| #define HAVE_STRING_H 1
| #define HAVE_MEMORY_H 1
| #define HAVE_STRINGS_H 1
| #define HAVE_INTTYPES_H 1
| #define HAVE_STDINT_H 1
| #define HAVE_UNISTD_H 1
| #define HAVE_UINT32_T 1
| #define HAVE_UINT8_T 1
| #define HAVE_DLFCN_H 1
| #define LT_OBJDIR ".libs/"
| #define ONLINE_TESTS_ENABLE 1
| #define NUMBER_CORES 1
| #define TIME_WITH_SYS_TIME 1
| #define HAVE_STDLIB_H 1
| #define HAVE_MALLOC 1
| #define HAVE_SYS_SELECT_H 1
| #define HAVE_SYS_SOCKET_H 1
| #define SELECT_TYPE_ARG1 int
| #define SELECT_TYPE_ARG234 (fd_set *)
| #define SELECT_TYPE_ARG5 (struct timeval *)
| #define RETSIGTYPE void
| #define HAVE_GETTIMEOFDAY 1
| #define HAVE_MEMSET 1
| #define HAVE_SELECT 1
| #define HAVE_SCHED_YIELD 1
| #define STDC_HEADERS 1
| #define HAVE_FCNTL_H 1
| #define HAVE_SCHED_H 1
| #define HAVE_SEMAPHORE_H 1
| #define HAVE_STDLIB_H 1
| #define HAVE_STRING_H 1
| #define HAVE_SYS_IOCTL_H 1
| #define HAVE_SYS_MMAN_H 1
| #define HAVE_SYS_WAIT_H 1
| #define HAVE_TIME_H 1
| #define HAVE_SYS_TIME_H 1
| #define HAVE_UNISTD_H 1
| /* end confdefs.h.  */
| #include <cpuid.h>
configure:12522: result: no
configure:12522: checking for cpuid.h
configure:12522: result: no
configure:12534: checking x86intrin.h usability
configure:12534: arm-elf-linux-androideabi-gcc -c -g -O2 -I /data/local/gcc/include conftest.c >&5
conftest.c:85:23: fatal error: x86intrin.h: No such file or directory
compilation terminated.
configure:12534: $? = 1
configure: failed program was:
| /* confdefs.h */
| #define PACKAGE_NAME "haveged"
| #define PACKAGE_TARNAME "haveged"
| #define PACKAGE_VERSION "1.7"
| #define PACKAGE_STRING "haveged 1.7"
| #define PACKAGE_BUGREPORT ""
| #define PACKAGE_URL ""
| #define PACKAGE "haveged"
| #define VERSION "1.7"
| #define STDC_HEADERS 1
| #define HAVE_SYS_TYPES_H 1
| #define HAVE_SYS_STAT_H 1
| #define HAVE_STDLIB_H 1
| #define HAVE_STRING_H 1
| #define HAVE_MEMORY_H 1
| #define HAVE_STRINGS_H 1
| #define HAVE_INTTYPES_H 1
| #define HAVE_STDINT_H 1
| #define HAVE_UNISTD_H 1
| #define HAVE_UINT32_T 1
| #define HAVE_UINT8_T 1
| #define HAVE_DLFCN_H 1
| #define LT_OBJDIR ".libs/"
| #define ONLINE_TESTS_ENABLE 1
| #define NUMBER_CORES 1
| #define TIME_WITH_SYS_TIME 1
| #define HAVE_STDLIB_H 1
| #define HAVE_MALLOC 1
| #define HAVE_SYS_SELECT_H 1
| #define HAVE_SYS_SOCKET_H 1
| #define SELECT_TYPE_ARG1 int
| #define SELECT_TYPE_ARG234 (fd_set *)
| #define SELECT_TYPE_ARG5 (struct timeval *)
| #define RETSIGTYPE void
| #define HAVE_GETTIMEOFDAY 1
| #define HAVE_MEMSET 1
| #define HAVE_SELECT 1
| #define HAVE_SCHED_YIELD 1
| #define STDC_HEADERS 1
| #define HAVE_FCNTL_H 1
| #define HAVE_SCHED_H 1
| #define HAVE_SEMAPHORE_H 1
| #define HAVE_STDLIB_H 1
| #define HAVE_STRING_H 1
| #define HAVE_SYS_IOCTL_H 1
| #define HAVE_SYS_MMAN_H 1
| #define HAVE_SYS_WAIT_H 1
| #define HAVE_TIME_H 1
| #define HAVE_SYS_TIME_H 1
| #define HAVE_UNISTD_H 1
| /* end confdefs.h.  */
| #include <stdio.h>
| #ifdef HAVE_SYS_TYPES_H
| # include <sys/types.h>
| #endif
| #ifdef HAVE_SYS_STAT_H
| # include <sys/stat.h>
| #endif
| #ifdef STDC_HEADERS
| # include <stdlib.h>
| # include <stddef.h>
| #else
| # ifdef HAVE_STDLIB_H
| #  include <stdlib.h>
| # endif
| #endif
| #ifdef HAVE_STRING_H
| # if !defined STDC_HEADERS && defined HAVE_MEMORY_H
| #  include <memory.h>
| # endif
| # include <string.h>
| #endif
| #ifdef HAVE_STRINGS_H
| # include <strings.h>
| #endif
| #ifdef HAVE_INTTYPES_H
| # include <inttypes.h>
| #endif
| #ifdef HAVE_STDINT_H
| # include <stdint.h>
| #endif
| #ifdef HAVE_UNISTD_H
| # include <unistd.h>
| #endif
| #include <x86intrin.h>
configure:12534: result: no
configure:12534: checking x86intrin.h presence
configure:12534: arm-elf-linux-androideabi-gcc -E -I /data/local/gcc/include conftest.c
conftest.c:52:23: fatal error: x86intrin.h: No such file or directory
compilation terminated.
configure:12534: $? = 1
configure: failed program was:
| /* confdefs.h */
| #define PACKAGE_NAME "haveged"
| #define PACKAGE_TARNAME "haveged"
| #define PACKAGE_VERSION "1.7"
| #define PACKAGE_STRING "haveged 1.7"
| #define PACKAGE_BUGREPORT ""
| #define PACKAGE_URL ""
| #define PACKAGE "haveged"
| #define VERSION "1.7"
| #define STDC_HEADERS 1
| #define HAVE_SYS_TYPES_H 1
| #define HAVE_SYS_STAT_H 1
| #define HAVE_STDLIB_H 1
| #define HAVE_STRING_H 1
| #define HAVE_MEMORY_H 1
| #define HAVE_STRINGS_H 1
| #define HAVE_INTTYPES_H 1
| #define HAVE_STDINT_H 1
| #define HAVE_UNISTD_H 1
| #define HAVE_UINT32_T 1
| #define HAVE_UINT8_T 1
| #define HAVE_DLFCN_H 1
| #define LT_OBJDIR ".libs/"
| #define ONLINE_TESTS_ENABLE 1
| #define NUMBER_CORES 1
| #define TIME_WITH_SYS_TIME 1
| #define HAVE_STDLIB_H 1
| #define HAVE_MALLOC 1
| #define HAVE_SYS_SELECT_H 1
| #define HAVE_SYS_SOCKET_H 1
| #define SELECT_TYPE_ARG1 int
| #define SELECT_TYPE_ARG234 (fd_set *)
| #define SELECT_TYPE_ARG5 (struct timeval *)
| #define RETSIGTYPE void
| #define HAVE_GETTIMEOFDAY 1
| #define HAVE_MEMSET 1
| #define HAVE_SELECT 1
| #define HAVE_SCHED_YIELD 1
| #define STDC_HEADERS 1
| #define HAVE_FCNTL_H 1
| #define HAVE_SCHED_H 1
| #define HAVE_SEMAPHORE_H 1
| #define HAVE_STDLIB_H 1
| #define HAVE_STRING_H 1
| #define HAVE_SYS_IOCTL_H 1
| #define HAVE_SYS_MMAN_H 1
| #define HAVE_SYS_WAIT_H 1
| #define HAVE_TIME_H 1
| #define HAVE_SYS_TIME_H 1
| #define HAVE_UNISTD_H 1
| /* end confdefs.h.  */
| #include <x86intrin.h>
configure:12534: result: no
configure:12534: checking for x86intrin.h
configure:12534: result: no
configure:12546: checking syslog.h usability
configure:12546: arm-elf-linux-androideabi-gcc -c -g -O2 -I /data/local/gcc/include conftest.c >&5
configure:12546: $? = 0
configure:12546: result: yes
configure:12546: checking syslog.h presence
configure:12546: arm-elf-linux-androideabi-gcc -E -I /data/local/gcc/include conftest.c
configure:12546: $? = 0
configure:12546: result: yes
configure:12546: checking for syslog.h
configure:12546: result: yes
configure:12558: checking linux/random.h usability
configure:12558: arm-elf-linux-androideabi-gcc -c -g -O2 -I /data/local/gcc/include conftest.c >&5
configure:12558: $? = 0
configure:12558: result: yes
configure:12558: checking linux/random.h presence
configure:12558: arm-elf-linux-androideabi-gcc -E -I /data/local/gcc/include conftest.c
configure:12558: $? = 0
configure:12558: result: yes
configure:12558: checking for linux/random.h
configure:12558: result: yes
configure:12651: checking for library containing clock_gettime
configure:12682: arm-elf-linux-androideabi-gcc -o conftest -g -O2 -I /data/local/gcc/include  conftest.c  >&5
configure:12682: $? = 0
configure:12699: result: none required
configure:12921: creating ./config.status

## ---------------------- ##
## Running config.status. ##
## ---------------------- ##

This file was extended by haveged config.status 1.7, which was
generated by GNU Autoconf 2.67.  Invocation command line was

  CONFIG_FILES    = 
  CONFIG_HEADERS  = 
  CONFIG_LINKS    = 
  CONFIG_COMMANDS = 
  $ ./config.status 

on localhost

config.status:1134: creating Makefile
config.status:1134: creating src/Makefile
config.status:1134: creating man/Makefile
config.status:1134: creating init.d/Makefile
config.status:1134: creating ent/Makefile
config.status:1134: creating nist/Makefile
config.status:1134: creating config.h
config.status:1362: executing depfiles commands
config.status:1362: executing libtool commands

## ---------------- ##
## Cache variables. ##
## ---------------- ##

ac_cv_build=armv7l-unknown-linux-gnueabi
ac_cv_c_compiler_gnu=yes
ac_cv_c_const=yes
ac_cv_env_CC_set=set
ac_cv_env_CC_value=arm-elf-linux-androideabi-gcc
ac_cv_env_CFLAGS_set=
ac_cv_env_CFLAGS_value=
ac_cv_env_CPPFLAGS_set=set
ac_cv_env_CPPFLAGS_value='-I /data/local/gcc/include'
ac_cv_env_CPP_set=
ac_cv_env_CPP_value=
ac_cv_env_LDFLAGS_set=
ac_cv_env_LDFLAGS_value=
ac_cv_env_LIBS_set=
ac_cv_env_LIBS_value=
ac_cv_env_build_alias_set=
ac_cv_env_build_alias_value=
ac_cv_env_host_alias_set=set
ac_cv_env_host_alias_value=arm-elf-linux-androideabi
ac_cv_env_target_alias_set=
ac_cv_env_target_alias_value=
ac_cv_func___rdtsc=no
ac_cv_func_floor=no
ac_cv_func_gettimeofday=yes
ac_cv_func_malloc_0_nonnull=yes
ac_cv_func_memset=yes
ac_cv_func_pow=no
ac_cv_func_sched_yield=yes
ac_cv_func_select=yes
ac_cv_func_select_args='int,fd_set *,struct timeval *'
ac_cv_func_sqrt=no
ac_cv_header_cpuid_h=no
ac_cv_header_dlfcn_h=yes
ac_cv_header_fcntl_h=yes
ac_cv_header_inttypes_h=yes
ac_cv_header_linux_random_h=yes
ac_cv_header_memory_h=yes
ac_cv_header_sched_h=yes
ac_cv_header_semaphore_h=yes
ac_cv_header_stdc=yes
ac_cv_header_stdint_h=yes
ac_cv_header_stdlib_h=yes
ac_cv_header_string_h=yes
ac_cv_header_strings_h=yes
ac_cv_header_sys_ioctl_h=yes
ac_cv_header_sys_mman_h=yes
ac_cv_header_sys_select_h=yes
ac_cv_header_sys_socket_h=yes
ac_cv_header_sys_stat_h=yes
ac_cv_header_sys_time_h=yes
ac_cv_header_sys_types_h=yes
ac_cv_header_sys_wait_h=yes
ac_cv_header_syslog_h=yes
ac_cv_header_time=yes
ac_cv_header_time_h=yes
ac_cv_header_unistd_h=yes
ac_cv_header_x86intrin_h=no
ac_cv_host=arm-elf-linux-androideabi
ac_cv_objext=o
ac_cv_path_EGREP='/system/xbin/grep -E'
ac_cv_path_FGREP='/system/xbin/grep -F'
ac_cv_path_GREP=/system/xbin/grep
ac_cv_path_SED=/system/xbin/sed
ac_cv_path_install='/system/xbin/install -c'
ac_cv_prog_AWK=gawk
ac_cv_prog_CC=arm-elf-linux-androideabi-gcc
ac_cv_prog_CPP='arm-elf-linux-androideabi-gcc -E'
ac_cv_prog_STRIP=strip
ac_cv_prog_ac_ct_AR=ar
ac_cv_prog_ac_ct_MANIFEST_TOOL=mt
ac_cv_prog_ac_ct_OBJDUMP=objdump
ac_cv_prog_ac_ct_RANLIB=ranlib
ac_cv_prog_ac_ct_STRIP=strip
ac_cv_prog_cc_c89=
ac_cv_prog_cc_g=yes
ac_cv_prog_gcc_traditional=no
ac_cv_prog_make_make_set=yes
ac_cv_search_clock_gettime='none required'
ac_cv_type_signal=void
ac_cv_type_uint32_t=yes
ac_cv_type_uint8_t=yes
am_cv_CC_dependencies_compiler_type=gcc3
lt_cv_ar_at_file=@
lt_cv_archive_cmds_need_lc=no
lt_cv_deplibs_check_method=pass_all
lt_cv_file_magic_cmd='$MAGIC_CMD'
lt_cv_file_magic_test_file=
lt_cv_ld_reload_flag=-r
lt_cv_nm_interface='BSD nm'
lt_cv_objdir=.libs
lt_cv_path_LD=/data/local/gcc/arm-elf-linux-androideabi/bin/ld
lt_cv_path_NM=no
lt_cv_path_mainfest_tool=no
lt_cv_prog_compiler_c_o=yes
lt_cv_prog_compiler_pic='-fPIC -DPIC'
lt_cv_prog_compiler_pic_works=yes
lt_cv_prog_compiler_rtti_exceptions=no
lt_cv_prog_compiler_static_works=no
lt_cv_prog_gnu_ld=yes
lt_cv_sharedlib_from_linklib_cmd='printf %s\n'
lt_cv_shlibpath_overrides_runpath=no
lt_cv_sys_global_symbol_pipe='sed -n -e '\''s/^.*[	 ]\([ABCDGIRSTW][ABCDGIRSTW]*\)[	 ][	 ]*\([_A-Za-z][_A-Za-z0-9]*\)$/\1 \2 \2/p'\'' | sed '\''/ __gnu_lto/d'\'''
lt_cv_sys_global_symbol_to_c_name_address='sed -n -e '\''s/^: \([^ ]*\)[ ]*$/  {\"\1\", (void *) 0},/p'\'' -e '\''s/^[ABCDGIRSTW]* \([^ ]*\) \([^ ]*\)$/  {"\2", (void *) \&\2},/p'\'''
lt_cv_sys_global_symbol_to_c_name_address_lib_prefix='sed -n -e '\''s/^: \([^ ]*\)[ ]*$/  {\"\1\", (void *) 0},/p'\'' -e '\''s/^[ABCDGIRSTW]* \([^ ]*\) \(lib[^ ]*\)$/  {"\2", (void *) \&\2},/p'\'' -e '\''s/^[ABCDGIRSTW]* \([^ ]*\) \([^ ]*\)$/  {"lib\2", (void *) \&\2},/p'\'''
lt_cv_sys_global_symbol_to_cdecl='sed -n -e '\''s/^T .* \(.*\)$/extern int \1();/p'\'' -e '\''s/^[ABCDGIRSTW]* .* \(.*\)$/extern char \1;/p'\'''
lt_cv_sys_max_cmd_len=32768
lt_cv_to_host_file_cmd=func_convert_file_noop
lt_cv_to_tool_file_cmd=func_convert_file_noop

## ----------------- ##
## Output variables. ##
## ----------------- ##

ACLOCAL='${SHELL} /data/local/idcrisis/haveged/haveged-1.7/config/missing --run aclocal-1.11'
AMDEPBACKSLASH='\'
AMDEP_FALSE='#'
AMDEP_TRUE=''
AMTAR='${SHELL} /data/local/idcrisis/haveged/haveged-1.7/config/missing --run tar'
AR='ar'
AUTOCONF='${SHELL} /data/local/idcrisis/haveged/haveged-1.7/config/missing --run autoconf'
AUTOHEADER='${SHELL} /data/local/idcrisis/haveged/haveged-1.7/config/missing --run autoheader'
AUTOMAKE='${SHELL} /data/local/idcrisis/haveged/haveged-1.7/config/missing --run automake-1.11'
AWK='gawk'
CC='arm-elf-linux-androideabi-gcc'
CCDEPMODE='depmode=gcc3'
CFLAGS='-g -O2'
CPP='arm-elf-linux-androideabi-gcc -E'
CPPFLAGS='-I /data/local/gcc/include'
CYGPATH_W='echo'
DEFS='-DHAVE_CONFIG_H'
DEPDIR='.deps'
DLLTOOL='false'
DSYMUTIL=''
DUMPBIN=':'
ECHO_C=''
ECHO_N='-n'
ECHO_T=''
EGREP='/system/xbin/grep -E'
ENABLE_BIN_FALSE=''
ENABLE_BIN_TRUE='#'
ENABLE_NOINIT_FALSE='#'
ENABLE_NOINIT_TRUE=''
ENABLE_SYSTEMD_FALSE=''
ENABLE_SYSTEMD_TRUE='#'
ENABLE_SYSV_FALSE=''
ENABLE_SYSV_TRUE='#'
EXEEXT=''
FGREP='/system/xbin/grep -F'
GREP='/system/xbin/grep'
HAVEGE_LT_VERSION='1:0:0'
HA_CHECK='ent/test.sh'
HA_DISTRO='none'
HA_LDFLAGS=' '
INSTALL_DATA='${INSTALL} -m 644'
INSTALL_PROGRAM='${INSTALL}'
INSTALL_SCRIPT='${INSTALL}'
INSTALL_STRIP_PROGRAM='$(install_sh) -c -s'
LD='/data/local/gcc/arm-elf-linux-androideabi/bin/ld'
LDFLAGS=''
LIBOBJS=''
LIBS=''
LIBTOOL='$(SHELL) $(top_builddir)/libtool'
LIPO=''
LN_S='ln -s'
LTLIBOBJS=''
MAKEINFO='${SHELL} /data/local/idcrisis/haveged/haveged-1.7/config/missing --run makeinfo'
MANIFEST_TOOL=':'
MKDIR_P='config/install-sh -c -d'
NM='nm'
NMEDIT=''
OBJDUMP='objdump'
OBJEXT='o'
OTOOL64=''
OTOOL=''
PACKAGE='haveged'
PACKAGE_BUGREPORT=''
PACKAGE_NAME='haveged'
PACKAGE_STRING='haveged 1.7'
PACKAGE_TARNAME='haveged'
PACKAGE_URL=''
PACKAGE_VERSION='1.7'
PATH_SEPARATOR=':'
RANLIB='ranlib'
SED='/system/xbin/sed'
SET_MAKE=''
SHELL='/bin/sh'
STRIP='strip'
VERSION='1.7'
ac_ct_AR='ar'
ac_ct_CC=''
ac_ct_DUMPBIN=''
am__EXEEXT_FALSE=''
am__EXEEXT_TRUE='#'
am__fastdepCC_FALSE='#'
am__fastdepCC_TRUE=''
am__include='include'
am__isrc=''
am__leading_dot='.'
am__quote=''
am__tar='${AMTAR} chof - "$$tardir"'
am__untar='${AMTAR} xf -'
bindir='${exec_prefix}/bin'
build='armv7l-unknown-linux-gnueabi'
build_alias=''
build_cpu='armv7l'
build_os='linux-gnueabi'
build_vendor='unknown'
datadir='${datarootdir}'
datarootdir='${prefix}/share'
docdir='${datarootdir}/doc/${PACKAGE_TARNAME}'
dvidir='${docdir}'
exec_prefix='${prefix}'
host='arm-elf-linux-androideabi'
host_alias='arm-elf-linux-androideabi'
host_cpu='arm'
host_os='linux-androideabi'
host_vendor='elf'
htmldir='${docdir}'
includedir='${prefix}/include'
infodir='${datarootdir}/info'
install_sh='${SHELL} /data/local/idcrisis/haveged/haveged-1.7/config/install-sh'
libdir='${exec_prefix}/lib'
libexecdir='${exec_prefix}/libexec'
localedir='${datarootdir}/locale'
localstatedir='${prefix}/var'
mandir='${datarootdir}/man'
mkdir_p='$(top_builddir)/config/install-sh -c -d'
oldincludedir='/usr/include'
pdfdir='${docdir}'
prefix='/usr/local'
program_transform_name='s,x,x,'
psdir='${docdir}'
sbindir='${exec_prefix}/sbin'
sharedstatedir='${prefix}/com'
sysconfdir='${prefix}/etc'
target_alias=''

## ----------- ##
## confdefs.h. ##
## ----------- ##

/* confdefs.h */
#define PACKAGE_NAME "haveged"
#define PACKAGE_TARNAME "haveged"
#define PACKAGE_VERSION "1.7"
#define PACKAGE_STRING "haveged 1.7"
#define PACKAGE_BUGREPORT ""
#define PACKAGE_URL ""
#define PACKAGE "haveged"
#define VERSION "1.7"
#define STDC_HEADERS 1
#define HAVE_SYS_TYPES_H 1
#define HAVE_SYS_STAT_H 1
#define HAVE_STDLIB_H 1
#define HAVE_STRING_H 1
#define HAVE_MEMORY_H 1
#define HAVE_STRINGS_H 1
#define HAVE_INTTYPES_H 1
#define HAVE_STDINT_H 1
#define HAVE_UNISTD_H 1
#define HAVE_UINT32_T 1
#define HAVE_UINT8_T 1
#define HAVE_DLFCN_H 1
#define LT_OBJDIR ".libs/"
#define ONLINE_TESTS_ENABLE 1
#define NUMBER_CORES 1
#define TIME_WITH_SYS_TIME 1
#define HAVE_STDLIB_H 1
#define HAVE_MALLOC 1
#define HAVE_SYS_SELECT_H 1
#define HAVE_SYS_SOCKET_H 1
#define SELECT_TYPE_ARG1 int
#define SELECT_TYPE_ARG234 (fd_set *)
#define SELECT_TYPE_ARG5 (struct timeval *)
#define RETSIGTYPE void
#define HAVE_GETTIMEOFDAY 1
#define HAVE_MEMSET 1
#define HAVE_SELECT 1
#define HAVE_SCHED_YIELD 1
#define STDC_HEADERS 1
#define HAVE_FCNTL_H 1
#define HAVE_SCHED_H 1
#define HAVE_SEMAPHORE_H 1
#define HAVE_STDLIB_H 1
#define HAVE_STRING_H 1
#define HAVE_SYS_IOCTL_H 1
#define HAVE_SYS_MMAN_H 1
#define HAVE_SYS_WAIT_H 1
#define HAVE_TIME_H 1
#define HAVE_SYS_TIME_H 1
#define HAVE_UNISTD_H 1
#define HAVE_SYSLOG_H 1
#define HAVE_LINUX_RANDOM_H 1
#define HAVE_ISA_GENERIC "arm-elf-linux-androideabi"
#define ENABLE_CLOCK_GETTIME 1

configure: exit 0
