This file contains any messages produced by compilers while
running configure, to aid debugging if configure makes a mistake.

It was created by dnrd configure 2.20.3, which was
generated by GNU Autoconf 2.61.  Invocation command line was

  $ ./configure CC=arm-elf-linux-androideabi-gcc CPPFLAGS=-I /data/local/gcc/include --enable-tcp=no

## --------- ##
## Platform. ##
## --------- ##

hostname = localhost
uname -m = armv7l
uname -r = 2.6.39.4
uname -s = Linux
uname -v = #1 SMP PREEMPT Fri May 25 22:47:02 CST 2012

/usr/bin/uname -p = unknown
/bin/uname -X     = unknown

/bin/arch              = unknown
/usr/bin/arch -k       = unknown
/usr/convex/getsysinfo = unknown
/usr/bin/hostinfo      = unknown
/bin/machine           = unknown
/usr/bin/oslevel       = unknown
/bin/universe          = unknown

PATH: /system/xbin
PATH: /data/local/bin
PATH: /system/bin
PATH: /system/xbin
PATH: /data/local/gcc/bin
PATH: /data/local/perl/
PATH: /botbrew/bin/


## ----------- ##
## Core tests. ##
## ----------- ##

configure:1788: checking build system type
configure:1806: result: armv7l-unknown-linux-gnu
configure:1828: checking host system type
configure:1843: result: armv7l-unknown-linux-gnu
configure:1865: checking target system type
configure:1880: result: armv7l-unknown-linux-gnu
configure:1925: checking for a BSD-compatible install
configure:1981: result: /system/xbin/install -c
configure:1992: checking whether build environment is sane
configure:2035: result: yes
configure:2100: checking for gawk
configure:2116: found /data/local/gcc/bin/gawk
configure:2127: result: gawk
configure:2138: checking whether make sets $(MAKE)
configure:2159: result: yes
configure:2413: checking for gcc
configure:2440: result: arm-elf-linux-androideabi-gcc
configure:2678: checking for C compiler version
configure:2685: arm-elf-linux-androideabi-gcc --version >&5
arm-elf-linux-androideabi-gcc (GCC) 4.6.0
Copyright (C) 2011 Free Software Foundation, Inc.
This is free software; see the source for copying conditions.  There is NO
warranty; not even for MERCHANTABILITY or FITNESS FOR A PARTICULAR PURPOSE.

configure:2688: $? = 0
configure:2695: arm-elf-linux-androideabi-gcc -v >&5
Using built-in specs.
COLLECT_GCC=arm-elf-linux-androideabi-gcc
COLLECT_LTO_WRAPPER=/data/local/gcc/libexec/gcc/arm-elf-linux-androideabi/4.6.0/lto-wrapper
Target: arm-elf-linux-androideabi
Configured with: ../../gcc-4.6.0/configure --build=i486-linux-gnu --host=arm-elf-linux-androideabi --target=arm-elf-linux-androideabi --enable-languages=c,c++,fortran,objc,obj-c++ --prefix=/data/local/gcc --with-build-sysroot=/opt/android-ndk/platforms/android-8/arch-arm --oldincludedir=/opt/android-ndk/platforms/android-8/arch-arm/usr/include -includedir=/opt/android-ndk/platforms/android-8/arch-arm/usr/include --disable-multilib --with-gnu-as --with-gnu-ld --disable-libssp --enable-threads --disable-nls --disable-tls --disable-libgomp --disable-libstdc__-v3 --disable-sjlj-exceptions --enable-shared --with-float=soft --with-fpu=vfp --with-arch=armv5te --enable-target-optspace
Thread model: posix
gcc version 4.6.0 (GCC) 
configure:2698: $? = 0
configure:2705: arm-elf-linux-androideabi-gcc -V >&5
arm-elf-linux-androideabi-gcc: error: unrecognized option '-V'
arm-elf-linux-androideabi-gcc: fatal error: no input files
compilation terminated.
configure:2708: $? = 1
configure:2731: checking for C compiler default output file name
configure:2758: arm-elf-linux-androideabi-gcc  -I /data/local/gcc/include  conftest.c  >&5
configure:2761: $? = 0
configure:2799: result: a.out
configure:2816: checking whether the C compiler works
configure:2826: ./a.out
configure:2829: $? = 0
configure:2846: result: yes
configure:2853: checking whether we are cross compiling
configure:2855: result: no
configure:2858: checking for suffix of executables
configure:2865: arm-elf-linux-androideabi-gcc -o conftest  -I /data/local/gcc/include  conftest.c  >&5
configure:2868: $? = 0
configure:2892: result: 
configure:2898: checking for suffix of object files
configure:2924: arm-elf-linux-androideabi-gcc -c  -I /data/local/gcc/include conftest.c >&5
configure:2927: $? = 0
configure:2950: result: o
configure:2954: checking whether we are using the GNU C compiler
configure:2983: arm-elf-linux-androideabi-gcc -c  -I /data/local/gcc/include conftest.c >&5
configure:2989: $? = 0
configure:3006: result: yes
configure:3011: checking whether arm-elf-linux-androideabi-gcc accepts -g
configure:3041: arm-elf-linux-androideabi-gcc -c -g -I /data/local/gcc/include conftest.c >&5
configure:3047: $? = 0
configure:3146: result: yes
configure:3163: checking for arm-elf-linux-androideabi-gcc option to accept ISO C89
configure:3237: arm-elf-linux-androideabi-gcc  -c -g -O2 -I /data/local/gcc/include conftest.c >&5
configure:3243: $? = 0
configure:3266: result: none needed
configure:3295: checking for style of include used by make
configure:3323: result: GNU
configure:3351: checking dependency style of arm-elf-linux-androideabi-gcc
configure:3441: result: gcc3
configure:3459: checking for library containing strerror
configure:3500: arm-elf-linux-androideabi-gcc -o conftest -g -O2 -I /data/local/gcc/include  conftest.c  >&5
configure:3506: $? = 0
configure:3534: result: none required
configure:3552: checking for dirent.h that defines DIR
configure:3581: arm-elf-linux-androideabi-gcc -c -g -O2 -I /data/local/gcc/include conftest.c >&5
configure:3587: $? = 0
configure:3603: result: yes
configure:3616: checking for library containing opendir
configure:3657: arm-elf-linux-androideabi-gcc -o conftest -g -O2 -I /data/local/gcc/include  conftest.c  >&5
configure:3663: $? = 0
configure:3691: result: none required
configure:3790: checking how to run the C preprocessor
configure:3830: arm-elf-linux-androideabi-gcc -E -I /data/local/gcc/include conftest.c
configure:3836: $? = 0
configure:3867: arm-elf-linux-androideabi-gcc -E -I /data/local/gcc/include conftest.c
conftest.c:12:28: fatal error: ac_nonexistent.h: No such file or directory
compilation terminated.
configure:3873: $? = 1
configure: failed program was:
| /* confdefs.h.  */
| #define PACKAGE_NAME "dnrd"
| #define PACKAGE_TARNAME "dnrd"
| #define PACKAGE_VERSION "2.20.3"
| #define PACKAGE_STRING "dnrd 2.20.3"
| #define PACKAGE_BUGREPORT "dnrd-user@lists.sourceforge.net"
| #define PACKAGE "dnrd"
| #define VERSION "2.20.3"
| #define DNRD_ROOT "/usr/local/etc/dnrd"
| #define HAVE_DIRENT_H 1
| /* end confdefs.h.  */
| #include <ac_nonexistent.h>
configure:3906: result: arm-elf-linux-androideabi-gcc -E
configure:3935: arm-elf-linux-androideabi-gcc -E -I /data/local/gcc/include conftest.c
configure:3941: $? = 0
configure:3972: arm-elf-linux-androideabi-gcc -E -I /data/local/gcc/include conftest.c
conftest.c:12:28: fatal error: ac_nonexistent.h: No such file or directory
compilation terminated.
configure:3978: $? = 1
configure: failed program was:
| /* confdefs.h.  */
| #define PACKAGE_NAME "dnrd"
| #define PACKAGE_TARNAME "dnrd"
| #define PACKAGE_VERSION "2.20.3"
| #define PACKAGE_STRING "dnrd 2.20.3"
| #define PACKAGE_BUGREPORT "dnrd-user@lists.sourceforge.net"
| #define PACKAGE "dnrd"
| #define VERSION "2.20.3"
| #define DNRD_ROOT "/usr/local/etc/dnrd"
| #define HAVE_DIRENT_H 1
| /* end confdefs.h.  */
| #include <ac_nonexistent.h>
configure:4016: checking for grep that handles long lines and -e
configure:4090: result: /system/xbin/grep
configure:4095: checking for egrep
configure:4173: result: /system/xbin/grep -E
configure:4178: checking for ANSI C header files
configure:4208: arm-elf-linux-androideabi-gcc -c -g -O2 -I /data/local/gcc/include conftest.c >&5
configure:4214: $? = 0
configure:4313: arm-elf-linux-androideabi-gcc -o conftest -g -O2 -I /data/local/gcc/include  conftest.c  >&5
configure:4316: $? = 0
configure:4322: ./conftest
configure:4325: $? = 0
configure:4342: result: yes
configure:4366: checking for sys/types.h
configure:4387: arm-elf-linux-androideabi-gcc -c -g -O2 -I /data/local/gcc/include conftest.c >&5
configure:4393: $? = 0
configure:4409: result: yes
configure:4366: checking for sys/stat.h
configure:4387: arm-elf-linux-androideabi-gcc -c -g -O2 -I /data/local/gcc/include conftest.c >&5
configure:4393: $? = 0
configure:4409: result: yes
configure:4366: checking for stdlib.h
configure:4387: arm-elf-linux-androideabi-gcc -c -g -O2 -I /data/local/gcc/include conftest.c >&5
configure:4393: $? = 0
configure:4409: result: yes
configure:4366: checking for string.h
configure:4387: arm-elf-linux-androideabi-gcc -c -g -O2 -I /data/local/gcc/include conftest.c >&5
configure:4393: $? = 0
configure:4409: result: yes
configure:4366: checking for memory.h
configure:4387: arm-elf-linux-androideabi-gcc -c -g -O2 -I /data/local/gcc/include conftest.c >&5
configure:4393: $? = 0
configure:4409: result: yes
configure:4366: checking for strings.h
configure:4387: arm-elf-linux-androideabi-gcc -c -g -O2 -I /data/local/gcc/include conftest.c >&5
configure:4393: $? = 0
configure:4409: result: yes
configure:4366: checking for inttypes.h
configure:4387: arm-elf-linux-androideabi-gcc -c -g -O2 -I /data/local/gcc/include conftest.c >&5
configure:4393: $? = 0
configure:4409: result: yes
configure:4366: checking for stdint.h
configure:4387: arm-elf-linux-androideabi-gcc -c -g -O2 -I /data/local/gcc/include conftest.c >&5
configure:4393: $? = 0
configure:4409: result: yes
configure:4366: checking for unistd.h
configure:4387: arm-elf-linux-androideabi-gcc -c -g -O2 -I /data/local/gcc/include conftest.c >&5
configure:4393: $? = 0
configure:4409: result: yes
configure:4438: checking sys/time.h usability
configure:4455: arm-elf-linux-androideabi-gcc -c -g -O2 -I /data/local/gcc/include conftest.c >&5
configure:4461: $? = 0
configure:4475: result: yes
configure:4479: checking sys/time.h presence
configure:4494: arm-elf-linux-androideabi-gcc -E -I /data/local/gcc/include conftest.c
configure:4500: $? = 0
configure:4514: result: yes
configure:4547: checking for sys/time.h
configure:4555: result: yes
configure:4438: checking syslog.h usability
configure:4455: arm-elf-linux-androideabi-gcc -c -g -O2 -I /data/local/gcc/include conftest.c >&5
configure:4461: $? = 0
configure:4475: result: yes
configure:4479: checking syslog.h presence
configure:4494: arm-elf-linux-androideabi-gcc -E -I /data/local/gcc/include conftest.c
configure:4500: $? = 0
configure:4514: result: yes
configure:4547: checking for syslog.h
configure:4555: result: yes
configure:4428: checking for unistd.h
configure:4434: result: yes
configure:4579: checking pthread.h usability
configure:4596: arm-elf-linux-androideabi-gcc -c -g -O2 -I /data/local/gcc/include conftest.c >&5
configure:4602: $? = 0
configure:4616: result: yes
configure:4620: checking pthread.h presence
configure:4635: arm-elf-linux-androideabi-gcc -E -I /data/local/gcc/include conftest.c
configure:4641: $? = 0
configure:4655: result: yes
configure:4688: checking for pthread.h
configure:4695: result: yes
configure:4710: checking for an ANSI C-conforming const
configure:4785: arm-elf-linux-androideabi-gcc -c -g -O2 -I /data/local/gcc/include conftest.c >&5
configure:4791: $? = 0
configure:4806: result: yes
configure:4816: checking for uid_t in sys/types.h
configure:4839: result: yes
configure:4854: checking for pid_t
configure:4884: arm-elf-linux-androideabi-gcc -c -g -O2 -I /data/local/gcc/include conftest.c >&5
configure:4890: $? = 0
configure:4905: result: yes
configure:4917: checking for size_t
configure:4947: arm-elf-linux-androideabi-gcc -c -g -O2 -I /data/local/gcc/include conftest.c >&5
configure:4953: $? = 0
configure:4968: result: yes
configure:4980: checking whether time.h and sys/time.h may both be included
configure:5010: arm-elf-linux-androideabi-gcc -c -g -O2 -I /data/local/gcc/include conftest.c >&5
configure:5016: $? = 0
configure:5031: result: yes
configure:5049: checking for working memcmp
configure:5102: arm-elf-linux-androideabi-gcc -o conftest -g -O2 -I /data/local/gcc/include  conftest.c  >&5
configure:5105: $? = 0
configure:5111: ./conftest
configure:5114: $? = 0
configure:5130: result: yes
configure:5139: checking return type of signal handlers
configure:5167: arm-elf-linux-androideabi-gcc -c -g -O2 -I /data/local/gcc/include conftest.c >&5
conftest.c: In function 'main':
conftest.c:33:1: error: void value not ignored as it ought to be
configure:5173: $? = 1
configure: failed program was:
| /* confdefs.h.  */
| #define PACKAGE_NAME "dnrd"
| #define PACKAGE_TARNAME "dnrd"
| #define PACKAGE_VERSION "2.20.3"
| #define PACKAGE_STRING "dnrd 2.20.3"
| #define PACKAGE_BUGREPORT "dnrd-user@lists.sourceforge.net"
| #define PACKAGE "dnrd"
| #define VERSION "2.20.3"
| #define DNRD_ROOT "/usr/local/etc/dnrd"
| #define HAVE_DIRENT_H 1
| #define STDC_HEADERS 1
| #define HAVE_SYS_TYPES_H 1
| #define HAVE_SYS_STAT_H 1
| #define HAVE_STDLIB_H 1
| #define HAVE_STRING_H 1
| #define HAVE_MEMORY_H 1
| #define HAVE_STRINGS_H 1
| #define HAVE_INTTYPES_H 1
| #define HAVE_STDINT_H 1
| #define HAVE_UNISTD_H 1
| #define HAVE_SYS_TIME_H 1
| #define HAVE_SYSLOG_H 1
| #define HAVE_UNISTD_H 1
| #define TIME_WITH_SYS_TIME 1
| #define _GNU_SOURCE
| /* end confdefs.h.  */
| #include <sys/types.h>
| #include <signal.h>
| 
| int
| main ()
| {
| return *(signal (0, 0)) (0) == 1;
|   ;
|   return 0;
| }
configure:5188: result: void
configure:5200: checking for vprintf
configure:5256: arm-elf-linux-androideabi-gcc -o conftest -g -O2 -I /data/local/gcc/include  conftest.c  >&5
conftest.c:51:6: warning: conflicting types for built-in function 'vprintf' [enabled by default]
configure:5262: $? = 0
configure:5280: result: yes
configure:5287: checking for _doprnt
configure:5343: arm-elf-linux-androideabi-gcc -o conftest -g -O2 -I /data/local/gcc/include  conftest.c  >&5
/tmp//cce19495.o: In function `main':
/data/local/idcrisis/dns/dnrd-2.20.3/dnrd-2.20.3/conftest.c:63: undefined reference to `_doprnt'
collect2: ld returned 1 exit status
configure:5349: $? = 1
configure: failed program was:
| /* confdefs.h.  */
| #define PACKAGE_NAME "dnrd"
| #define PACKAGE_TARNAME "dnrd"
| #define PACKAGE_VERSION "2.20.3"
| #define PACKAGE_STRING "dnrd 2.20.3"
| #define PACKAGE_BUGREPORT "dnrd-user@lists.sourceforge.net"
| #define PACKAGE "dnrd"
| #define VERSION "2.20.3"
| #define DNRD_ROOT "/usr/local/etc/dnrd"
| #define HAVE_DIRENT_H 1
| #define STDC_HEADERS 1
| #define HAVE_SYS_TYPES_H 1
| #define HAVE_SYS_STAT_H 1
| #define HAVE_STDLIB_H 1
| #define HAVE_STRING_H 1
| #define HAVE_MEMORY_H 1
| #define HAVE_STRINGS_H 1
| #define HAVE_INTTYPES_H 1
| #define HAVE_STDINT_H 1
| #define HAVE_UNISTD_H 1
| #define HAVE_SYS_TIME_H 1
| #define HAVE_SYSLOG_H 1
| #define HAVE_UNISTD_H 1
| #define TIME_WITH_SYS_TIME 1
| #define _GNU_SOURCE
| #define RETSIGTYPE void
| #define HAVE_VPRINTF 1
| /* end confdefs.h.  */
| /* Define _doprnt to an innocuous variant, in case <limits.h> declares _doprnt.
|    For example, HP-UX 11i <limits.h> declares gettimeofday.  */
| #define _doprnt innocuous__doprnt
| 
| /* System header to define __stub macros and hopefully few prototypes,
|     which can conflict with char _doprnt (); below.
|     Prefer <limits.h> to <assert.h> if __STDC__ is defined, since
|     <limits.h> exists even on freestanding compilers.  */
| 
| #ifdef __STDC__
| # include <limits.h>
| #else
| # include <assert.h>
| #endif
| 
| #undef _doprnt
| 
| /* Override any GCC internal prototype to avoid an error.
|    Use char because int might match the return type of a GCC
|    builtin and then its argument prototype would still apply.  */
| #ifdef __cplusplus
| extern "C"
| #endif
| char _doprnt ();
| /* The GNU C library defines this for functions which it implements
|     to always fail with ENOSYS.  Some functions are actually named
|     something starting with __ and the normal name is an alias.  */
| #if defined __stub__doprnt || defined __stub____doprnt
| choke me
| #endif
| 
| int
| main ()
| {
| return _doprnt ();
|   ;
|   return 0;
| }
configure:5366: result: no
configure:5391: checking for pselect
configure:5447: arm-elf-linux-androideabi-gcc -o conftest -g -O2 -I /data/local/gcc/include  conftest.c  >&5
configure:5453: $? = 0
configure:5471: result: yes
configure:5391: checking for select
configure:5447: arm-elf-linux-androideabi-gcc -o conftest -g -O2 -I /data/local/gcc/include  conftest.c  >&5
configure:5453: $? = 0
configure:5471: result: yes
configure:5391: checking for socket
configure:5447: arm-elf-linux-androideabi-gcc -o conftest -g -O2 -I /data/local/gcc/include  conftest.c  >&5
configure:5453: $? = 0
configure:5471: result: yes
configure:5391: checking for strdup
configure:5447: arm-elf-linux-androideabi-gcc -o conftest -g -O2 -I /data/local/gcc/include  conftest.c  >&5
conftest.c:55:6: warning: conflicting types for built-in function 'strdup' [enabled by default]
configure:5453: $? = 0
configure:5471: result: yes
configure:5391: checking for strerror
configure:5447: arm-elf-linux-androideabi-gcc -o conftest -g -O2 -I /data/local/gcc/include  conftest.c  >&5
configure:5453: $? = 0
configure:5471: result: yes
configure:5391: checking for strtoul
configure:5447: arm-elf-linux-androideabi-gcc -o conftest -g -O2 -I /data/local/gcc/include  conftest.c  >&5
configure:5453: $? = 0
configure:5471: result: yes
configure:5391: checking for strnlen
configure:5447: arm-elf-linux-androideabi-gcc -o conftest -g -O2 -I /data/local/gcc/include  conftest.c  >&5
configure:5453: $? = 0
configure:5471: result: yes
configure:5391: checking for usleep
configure:5447: arm-elf-linux-androideabi-gcc -o conftest -g -O2 -I /data/local/gcc/include  conftest.c  >&5
configure:5453: $? = 0
configure:5471: result: yes
configure:5738: creating ./config.status

## ---------------------- ##
## Running config.status. ##
## ---------------------- ##

This file was extended by dnrd config.status 2.20.3, which was
generated by GNU Autoconf 2.61.  Invocation command line was

  CONFIG_FILES    = 
  CONFIG_HEADERS  = 
  CONFIG_LINKS    = 
  CONFIG_COMMANDS = 
  $ ./config.status 

on localhost

config.status:653: creating Makefile
config.status:653: creating src/Makefile
config.status:653: creating doc/Makefile
config.status:653: creating doc/dnrd.8
config.status:653: creating doc/README-master
config.status:653: creating doc/README-cache
config.status:653: creating src/config.h
config.status:892: src/config.h is unchanged
config.status:938: executing depfiles commands

## ---------------- ##
## Cache variables. ##
## ---------------- ##

ac_cv_build=armv7l-unknown-linux-gnu
ac_cv_c_compiler_gnu=yes
ac_cv_c_const=yes
ac_cv_env_CC_set=set
ac_cv_env_CC_value=arm-elf-linux-androideabi-gcc
ac_cv_env_CFLAGS_set=
ac_cv_env_CFLAGS_value=
ac_cv_env_CPPFLAGS_set=set
ac_cv_env_CPPFLAGS_value='-I /data/local/gcc/include'
ac_cv_env_CPP_set=
ac_cv_env_CPP_value=
ac_cv_env_LDFLAGS_set=
ac_cv_env_LDFLAGS_value=
ac_cv_env_LIBS_set=
ac_cv_env_LIBS_value=
ac_cv_env_build_alias_set=
ac_cv_env_build_alias_value=
ac_cv_env_host_alias_set=
ac_cv_env_host_alias_value=
ac_cv_env_target_alias_set=
ac_cv_env_target_alias_value=
ac_cv_func__doprnt=no
ac_cv_func_memcmp_working=yes
ac_cv_func_pselect=yes
ac_cv_func_select=yes
ac_cv_func_socket=yes
ac_cv_func_strdup=yes
ac_cv_func_strerror=yes
ac_cv_func_strnlen=yes
ac_cv_func_strtoul=yes
ac_cv_func_usleep=yes
ac_cv_func_vprintf=yes
ac_cv_header_dirent_dirent_h=yes
ac_cv_header_inttypes_h=yes
ac_cv_header_memory_h=yes
ac_cv_header_pthread_h=yes
ac_cv_header_stdc=yes
ac_cv_header_stdint_h=yes
ac_cv_header_stdlib_h=yes
ac_cv_header_string_h=yes
ac_cv_header_strings_h=yes
ac_cv_header_sys_stat_h=yes
ac_cv_header_sys_time_h=yes
ac_cv_header_sys_types_h=yes
ac_cv_header_syslog_h=yes
ac_cv_header_time=yes
ac_cv_header_unistd_h=yes
ac_cv_host=armv7l-unknown-linux-gnu
ac_cv_objext=o
ac_cv_path_EGREP='/system/xbin/grep -E'
ac_cv_path_GREP=/system/xbin/grep
ac_cv_path_install='/system/xbin/install -c'
ac_cv_prog_AWK=gawk
ac_cv_prog_CPP='arm-elf-linux-androideabi-gcc -E'
ac_cv_prog_ac_ct_CC=arm-elf-linux-androideabi-gcc
ac_cv_prog_cc_c89=
ac_cv_prog_cc_g=yes
ac_cv_prog_make_make_set=yes
ac_cv_search_opendir='none required'
ac_cv_search_strerror='none required'
ac_cv_target=armv7l-unknown-linux-gnu
ac_cv_type_pid_t=yes
ac_cv_type_signal=void
ac_cv_type_size_t=yes
ac_cv_type_uid_t=yes
am_cv_CC_dependencies_compiler_type=gcc3

## ----------------- ##
## Output variables. ##
## ----------------- ##

ACLOCAL='${SHELL} /data/local/idcrisis/dns/dnrd-2.20.3/dnrd-2.20.3/missing --run aclocal-1.9'
AMDEPBACKSLASH='\'
AMDEP_FALSE='#'
AMDEP_TRUE=''
AMTAR='${SHELL} /data/local/idcrisis/dns/dnrd-2.20.3/dnrd-2.20.3/missing --run tar'
AUTOCONF='${SHELL} /data/local/idcrisis/dns/dnrd-2.20.3/dnrd-2.20.3/missing --run autoconf'
AUTOHEADER='${SHELL} /data/local/idcrisis/dns/dnrd-2.20.3/dnrd-2.20.3/missing --run autoheader'
AUTOMAKE='${SHELL} /data/local/idcrisis/dns/dnrd-2.20.3/dnrd-2.20.3/missing --run automake-1.9'
AWK='gawk'
CC='arm-elf-linux-androideabi-gcc'
CCDEPMODE='depmode=gcc3'
CFLAGS='-g -O2'
CPP='arm-elf-linux-androideabi-gcc -E'
CPPFLAGS='-I /data/local/gcc/include'
CYGPATH_W='echo'
DEFS='-DHAVE_CONFIG_H'
DEPDIR='.deps'
DNRD_ROOT='/usr/local/etc/dnrd'
ECHO_C=''
ECHO_N='-n'
ECHO_T=''
EGREP='/system/xbin/grep -E'
EXEEXT=''
GREP='/system/xbin/grep'
INSTALL_DATA='${INSTALL} -m 644'
INSTALL_PROGRAM='${INSTALL}'
INSTALL_SCRIPT='${INSTALL}'
INSTALL_STRIP_PROGRAM='${SHELL} $(install_sh) -c -s'
LDFLAGS=''
LIBOBJS=''
LIBS=''
LTLIBOBJS=''
MAKEINFO='${SHELL} /data/local/idcrisis/dns/dnrd-2.20.3/dnrd-2.20.3/missing --run makeinfo'
OBJEXT='o'
PACKAGE='dnrd'
PACKAGE_BUGREPORT='dnrd-user@lists.sourceforge.net'
PACKAGE_NAME='dnrd'
PACKAGE_STRING='dnrd 2.20.3'
PACKAGE_TARNAME='dnrd'
PACKAGE_VERSION='2.20.3'
PATH_SEPARATOR=':'
SET_MAKE=''
SHELL='/bin/sh'
STRIP=''
THREAD_CFLAGS=''
THREAD_LIBS='-lpthread'
VERSION='2.20.3'
ac_ct_CC='arm-elf-linux-androideabi-gcc'
am__fastdepCC_FALSE='#'
am__fastdepCC_TRUE=''
am__include='include'
am__leading_dot='.'
am__quote=''
am__tar='${AMTAR} chof - "$$tardir"'
am__untar='${AMTAR} xf -'
bindir='${exec_prefix}/bin'
build='armv7l-unknown-linux-gnu'
build_alias=''
build_cpu='armv7l'
build_os='linux-gnu'
build_vendor='unknown'
datadir='${datarootdir}'
datarootdir='${prefix}/share'
docdir='${datarootdir}/doc/${PACKAGE_TARNAME}'
dvidir='${docdir}'
exec_prefix='${prefix}'
host='armv7l-unknown-linux-gnu'
host_alias=''
host_cpu='armv7l'
host_os='linux-gnu'
host_vendor='unknown'
htmldir='${docdir}'
includedir='${prefix}/include'
infodir='${datarootdir}/info'
install_sh='/data/local/idcrisis/dns/dnrd-2.20.3/dnrd-2.20.3/install-sh'
libdir='${exec_prefix}/lib'
libexecdir='${exec_prefix}/libexec'
localedir='${datarootdir}/locale'
localstatedir='${prefix}/var'
mandir='${datarootdir}/man'
mkdir_p='$(install_sh) -d'
oldincludedir='/usr/include'
pdfdir='${docdir}'
prefix='/usr/local'
program_transform_name='s,x,x,'
psdir='${docdir}'
sbindir='${exec_prefix}/sbin'
sharedstatedir='${prefix}/com'
sysconfdir='/usr/local/etc'
target='armv7l-unknown-linux-gnu'
target_alias=''
target_cpu='armv7l'
target_os='linux-gnu'
target_vendor='unknown'

## ----------- ##
## confdefs.h. ##
## ----------- ##

#define PACKAGE_NAME "dnrd"
#define PACKAGE_TARNAME "dnrd"
#define PACKAGE_VERSION "2.20.3"
#define PACKAGE_STRING "dnrd 2.20.3"
#define PACKAGE_BUGREPORT "dnrd-user@lists.sourceforge.net"
#define PACKAGE "dnrd"
#define VERSION "2.20.3"
#define DNRD_ROOT "/usr/local/etc/dnrd"
#define HAVE_DIRENT_H 1
#define STDC_HEADERS 1
#define HAVE_SYS_TYPES_H 1
#define HAVE_SYS_STAT_H 1
#define HAVE_STDLIB_H 1
#define HAVE_STRING_H 1
#define HAVE_MEMORY_H 1
#define HAVE_STRINGS_H 1
#define HAVE_INTTYPES_H 1
#define HAVE_STDINT_H 1
#define HAVE_UNISTD_H 1
#define HAVE_SYS_TIME_H 1
#define HAVE_SYSLOG_H 1
#define HAVE_UNISTD_H 1
#define TIME_WITH_SYS_TIME 1
#define _GNU_SOURCE
#define RETSIGTYPE void
#define HAVE_VPRINTF 1
#define HAVE_PSELECT 1
#define HAVE_SELECT 1
#define HAVE_SOCKET 1
#define HAVE_STRDUP 1
#define HAVE_STRERROR 1
#define HAVE_STRTOUL 1
#define HAVE_STRNLEN 1
#define HAVE_USLEEP 1
#define ENABLE_PIDFILE
#define RANDOM_SRC

configure: exit 0
